# JRE version: OpenJDK Runtime Environment (8.0_152-b01) (build 1.8.0_152-release-1136-b01)
# Java VM: OpenJDK 64-Bit Server VM (25.152-b01 mixed mode windows-amd64 compressed oops)
Heap:
 PSYoungGen      total 224256K, used 99022K [0x00000000e0000000, 0x00000000f4d80000, 0x0000000100000000)
  eden space 211456K, 40% used [0x00000000e0000000,0x00000000e5436620,0x00000000ece80000)
  from space 12800K, 99% used [0x00000000ece80000,0x00000000edafd3f0,0x00000000edb00000)
  to   space 17920K, 0% used [0x00000000f3c00000,0x00000000f3c00000,0x00000000f4d80000)
 ParOldGen       total 46592K, used 24008K [0x00000000a0000000, 0x00000000a2d80000, 0x00000000e0000000)
  object space 46592K, 51% used [0x00000000a0000000,0x00000000a1772000,0x00000000a2d80000)
 Metaspace       used 55203K, capacity 56904K, committed 57128K, reserved 1097728K
  class space    used 7518K, capacity 7935K, committed 7976K, reserved 1048576K
GC Heap History (10 events):
Event: 30.199 GC heap before
{Heap before GC invocations=7 (full 1):
 PSYoungGen      total 66048K, used 63488K [0x00000000e0000000, 0x00000000e9000000, 0x0000000100000000)
  eden space 63488K, 100% used [0x00000000e0000000,0x00000000e3e00000,0x00000000e3e00000)
  from space 2560K, 0% used [0x00000000e3e00000,0x00000000e3e00000,0x00000000e4080000)
  to   space 10240K, 0% used [0x00000000e8600000,0x00000000e8600000,0x00000000e9000000)
 ParOldGen       total 39936K, used 13554K [0x00000000a0000000, 0x00000000a2700000, 0x00000000e0000000)
  object space 39936K, 33% used [0x00000000a0000000,0x00000000a0d3c840,0x00000000a2700000)
 Metaspace       used 25510K, capacity 25978K, committed 26160K, reserved 1071104K
  class space    used 3571K, capacity 3766K, committed 3888K, reserved 1048576K
Event: 30.277 GC heap after
Heap after GC invocations=7 (full 1):
 PSYoungGen      total 124928K, used 7318K [0x00000000e0000000, 0x00000000e8d80000, 0x0000000100000000)
  eden space 117248K, 0% used [0x00000000e0000000,0x00000000e0000000,0x00000000e7280000)
  from space 7680K, 95% used [0x00000000e8600000,0x00000000e8d25b40,0x00000000e8d80000)
  to   space 10752K, 0% used [0x00000000e7880000,0x00000000e7880000,0x00000000e8300000)
 ParOldGen       total 39936K, used 13562K [0x00000000a0000000, 0x00000000a2700000, 0x00000000e0000000)
  object space 39936K, 33% used [0x00000000a0000000,0x00000000a0d3e840,0x00000000a2700000)
 Metaspace       used 25510K, capacity 25978K, committed 26160K, reserved 1071104K
  class space    used 3571K, capacity 3766K, committed 3888K, reserved 1048576K
}
Event: 40.073 GC heap before
{Heap before GC invocations=8 (full 1):
 PSYoungGen      total 124928K, used 124566K [0x00000000e0000000, 0x00000000e8d80000, 0x0000000100000000)
  eden space 117248K, 100% used [0x00000000e0000000,0x00000000e7280000,0x00000000e7280000)
  from space 7680K, 95% used [0x00000000e8600000,0x00000000e8d25b40,0x00000000e8d80000)
  to   space 10752K, 0% used [0x00000000e7880000,0x00000000e7880000,0x00000000e8300000)
 ParOldGen       total 39936K, used 13562K [0x00000000a0000000, 0x00000000a2700000, 0x00000000e0000000)
  object space 39936K, 33% used [0x00000000a0000000,0x00000000a0d3e840,0x00000000a2700000)
 Metaspace       used 31117K, capacity 31658K, committed 31920K, reserved 1077248K
  class space    used 4238K, capacity 4420K, committed 4528K, reserved 1048576K
Event: 40.146 GC heap after
Heap after GC invocations=8 (full 1):
 PSYoungGen      total 134144K, used 9703K [0x00000000e0000000, 0x00000000ee700000, 0x0000000100000000)
  eden space 123392K, 0% used [0x00000000e0000000,0x00000000e0000000,0x00000000e7880000)
  from space 10752K, 90% used [0x00000000e7880000,0x00000000e81f9d78,0x00000000e8300000)
  to   space 12288K, 0% used [0x00000000edb00000,0x00000000edb00000,0x00000000ee700000)
 ParOldGen       total 39936K, used 13578K [0x00000000a0000000, 0x00000000a2700000, 0x00000000e0000000)
  object space 39936K, 33% used [0x00000000a0000000,0x00000000a0d42840,0x00000000a2700000)
 Metaspace       used 31117K, capacity 31658K, committed 31920K, reserved 1077248K
  class space    used 4238K, capacity 4420K, committed 4528K, reserved 1048576K
}
Event: 47.940 GC heap before
{Heap before GC invocations=9 (full 1):
 PSYoungGen      total 134144K, used 47562K [0x00000000e0000000, 0x00000000ee700000, 0x0000000100000000)
  eden space 123392K, 30% used [0x00000000e0000000,0x00000000e24f8ca8,0x00000000e7880000)
  from space 10752K, 90% used [0x00000000e7880000,0x00000000e81f9d78,0x00000000e8300000)
  to   space 12288K, 0% used [0x00000000edb00000,0x00000000edb00000,0x00000000ee700000)
 ParOldGen       total 39936K, used 13578K [0x00000000a0000000, 0x00000000a2700000, 0x00000000e0000000)
  object space 39936K, 33% used [0x00000000a0000000,0x00000000a0d42840,0x00000000a2700000)
 Metaspace       used 34721K, capacity 35346K, committed 35496K, reserved 1079296K
  class space    used 4746K, capacity 4951K, committed 5032K, reserved 1048576K
Event: 47.986 GC heap after
Heap after GC invocations=9 (full 1):
 PSYoungGen      total 223744K, used 9543K [0x00000000e0000000, 0x00000000eee00000, 0x0000000100000000)
  eden space 211456K, 0% used [0x00000000e0000000,0x00000000e0000000,0x00000000ece80000)
  from space 12288K, 77% used [0x00000000edb00000,0x00000000ee451cf0,0x00000000ee700000)
  to   space 12800K, 0% used [0x00000000ece80000,0x00000000ece80000,0x00000000edb00000)
 ParOldGen       total 39936K, used 13650K [0x00000000a0000000, 0x00000000a2700000, 0x00000000e0000000)
  object space 39936K, 34% used [0x00000000a0000000,0x00000000a0d54850,0x00000000a2700000)
 Metaspace       used 34721K, capacity 35346K, committed 35496K, reserved 1079296K
  class space    used 4746K, capacity 4951K, committed 5032K, reserved 1048576K
}
Event: 47.986 GC heap before
{Heap before GC invocations=10 (full 2):
 PSYoungGen      total 223744K, used 9543K [0x00000000e0000000, 0x00000000eee00000, 0x0000000100000000)
  eden space 211456K, 0% used [0x00000000e0000000,0x00000000e0000000,0x00000000ece80000)
  from space 12288K, 77% used [0x00000000edb00000,0x00000000ee451cf0,0x00000000ee700000)
  to   space 12800K, 0% used [0x00000000ece80000,0x00000000ece80000,0x00000000edb00000)
 ParOldGen       total 39936K, used 13650K [0x00000000a0000000, 0x00000000a2700000, 0x00000000e0000000)
  object space 39936K, 34% used [0x00000000a0000000,0x00000000a0d54850,0x00000000a2700000)
 Metaspace       used 34721K, capacity 35346K, committed 35496K, reserved 1079296K
  class space    used 4746K, capacity 4951K, committed 5032K, reserved 1048576K
Event: 48.276 GC heap after
Heap after GC invocations=10 (full 2):
 PSYoungGen      total 223744K, used 0K [0x00000000e0000000, 0x00000000eee00000, 0x0000000100000000)
  eden space 211456K, 0% used [0x00000000e0000000,0x00000000e0000000,0x00000000ece80000)
  from space 12288K, 0% used [0x00000000edb00000,0x00000000edb00000,0x00000000ee700000)
  to   space 12800K, 0% used [0x00000000ece80000,0x00000000ece80000,0x00000000edb00000)
 ParOldGen       total 46592K, used 15918K [0x00000000a0000000, 0x00000000a2d80000, 0x00000000e0000000)
  object space 46592K, 34% used [0x00000000a0000000,0x00000000a0f8b8f0,0x00000000a2d80000)
 Metaspace       used 34721K, capacity 35346K, committed 35496K, reserved 1079296K
  class space    used 4746K, capacity 4951K, committed 5032K, reserved 1048576K
}
Event: 83.435 GC heap before
{Heap before GC invocations=11 (full 2):
 PSYoungGen      total 223744K, used 211456K [0x00000000e0000000, 0x00000000eee00000, 0x0000000100000000)
  eden space 211456K, 100% used [0x00000000e0000000,0x00000000ece80000,0x00000000ece80000)
  from space 12288K, 0% used [0x00000000edb00000,0x00000000edb00000,0x00000000ee700000)
  to   space 12800K, 0% used [0x00000000ece80000,0x00000000ece80000,0x00000000edb00000)
 ParOldGen       total 46592K, used 15918K [0x00000000a0000000, 0x00000000a2d80000, 0x00000000e0000000)
  object space 46592K, 34% used [0x00000000a0000000,0x00000000a0f8b8f0,0x00000000a2d80000)
 Metaspace       used 50169K, capacity 51464K, committed 51752K, reserved 1093632K
  class space    used 6745K, capacity 7119K, committed 7208K, reserved 1048576K
Event: 85.099 GC heap after
Heap after GC invocations=11 (full 2):
 PSYoungGen      total 224256K, used 12788K [0x00000000e0000000, 0x00000000f4d80000, 0x0000000100000000)
  eden space 211456K, 0% used [0x00000000e0000000,0x00000000e0000000,0x00000000ece80000)
  from space 12800K, 99% used [0x00000000ece80000,0x00000000edafd3f0,0x00000000edb00000)
  to   space 17920K, 0% used [0x00000000f3c00000,0x00000000f3c00000,0x00000000f4d80000)
 ParOldGen       total 46592K, used 24008K [0x00000000a0000000, 0x00000000a2d80000, 0x00000000e0000000)
  object space 46592K, 51% used [0x00000000a0000000,0x00000000a1772000,0x00000000a2d80000)
 Metaspace       used 50169K, capacity 51464K, committed 51752K, reserved 1093632K
  class space    used 6745K, capacity 7119K, committed 7208K, reserved 1048576K
}

