# JRE version: OpenJDK Runtime Environment (8.0_152-b01) (build 1.8.0_152-release-1136-b01)
# Java VM: OpenJDK 64-Bit Server VM (25.152-b01 mixed mode windows-amd64 compressed oops)
Heap:
 PSYoungGen      total 390144K, used 300886K [0x00000000e0000000, 0x00000000fce00000, 0x0000000100000000)
  eden space 357376K, 82% used [0x00000000e0000000,0x00000000f1f3f478,0x00000000f5d00000)
  from space 32768K, 20% used [0x00000000f5d00000,0x00000000f63965c0,0x00000000f7d00000)
  to   space 32256K, 0% used [0x00000000fae80000,0x00000000fae80000,0x00000000fce00000)
 ParOldGen       total 117760K, used 62075K [0x00000000a0000000, 0x00000000a7300000, 0x00000000e0000000)
  object space 117760K, 52% used [0x00000000a0000000,0x00000000a3c9ec80,0x00000000a7300000)
 Metaspace       used 80442K, capacity 83774K, committed 84056K, reserved 1122304K
  class space    used 10364K, capacity 11058K, committed 11136K, reserved 1048576K
GC Heap History (10 events):
Event: 120.351 GC heap before
{Heap before GC invocations=25 (full 3):
 PSYoungGen      total 325120K, used 321671K [0x00000000e0000000, 0x00000000f9980000, 0x0000000100000000)
  eden space 298496K, 100% used [0x00000000e0000000,0x00000000f2380000,0x00000000f2380000)
  from space 26624K, 87% used [0x00000000f2380000,0x00000000f3a21d20,0x00000000f3d80000)
  to   space 29184K, 0% used [0x00000000f7d00000,0x00000000f7d00000,0x00000000f9980000)
 ParOldGen       total 76288K, used 51592K [0x00000000a0000000, 0x00000000a4a80000, 0x00000000e0000000)
  object space 76288K, 67% used [0x00000000a0000000,0x00000000a3262108,0x00000000a4a80000)
 Metaspace       used 75421K, capacity 78408K, committed 78680K, reserved 1118208K
  class space    used 9880K, capacity 10527K, committed 10624K, reserved 1048576K
Event: 120.401 GC heap after
Heap after GC invocations=25 (full 3):
 PSYoungGen      total 388096K, used 21453K [0x00000000e0000000, 0x00000000f9f80000, 0x0000000100000000)
  eden space 358912K, 0% used [0x00000000e0000000,0x00000000e0000000,0x00000000f5e80000)
  from space 29184K, 73% used [0x00000000f7d00000,0x00000000f91f3470,0x00000000f9980000)
  to   space 31232K, 0% used [0x00000000f5e80000,0x00000000f5e80000,0x00000000f7d00000)
 ParOldGen       total 76288K, used 53308K [0x00000000a0000000, 0x00000000a4a80000, 0x00000000e0000000)
  object space 76288K, 69% used [0x00000000a0000000,0x00000000a340f188,0x00000000a4a80000)
 Metaspace       used 75421K, capacity 78408K, committed 78680K, reserved 1118208K
  class space    used 9880K, capacity 10527K, committed 10624K, reserved 1048576K
}
Event: 122.185 GC heap before
{Heap before GC invocations=26 (full 3):
 PSYoungGen      total 388096K, used 380365K [0x00000000e0000000, 0x00000000f9f80000, 0x0000000100000000)
  eden space 358912K, 100% used [0x00000000e0000000,0x00000000f5e80000,0x00000000f5e80000)
  from space 29184K, 73% used [0x00000000f7d00000,0x00000000f91f3470,0x00000000f9980000)
  to   space 31232K, 0% used [0x00000000f5e80000,0x00000000f5e80000,0x00000000f7d00000)
 ParOldGen       total 76288K, used 53308K [0x00000000a0000000, 0x00000000a4a80000, 0x00000000e0000000)
  object space 76288K, 69% used [0x00000000a0000000,0x00000000a340f188,0x00000000a4a80000)
 Metaspace       used 75480K, capacity 78472K, committed 78680K, reserved 1118208K
  class space    used 9880K, capacity 10527K, committed 10624K, reserved 1048576K
Event: 122.241 GC heap after
Heap after GC invocations=26 (full 3):
 PSYoungGen      total 390144K, used 16241K [0x00000000e0000000, 0x00000000f9f80000, 0x0000000100000000)
  eden space 358912K, 0% used [0x00000000e0000000,0x00000000e0000000,0x00000000f5e80000)
  from space 31232K, 52% used [0x00000000f5e80000,0x00000000f6e5c570,0x00000000f7d00000)
  to   space 29184K, 0% used [0x00000000f7d00000,0x00000000f7d00000,0x00000000f9980000)
 ParOldGen       total 76288K, used 59875K [0x00000000a0000000, 0x00000000a4a80000, 0x00000000e0000000)
  object space 76288K, 78% used [0x00000000a0000000,0x00000000a3a78e40,0x00000000a4a80000)
 Metaspace       used 75480K, capacity 78472K, committed 78680K, reserved 1118208K
  class space    used 9880K, capacity 10527K, committed 10624K, reserved 1048576K
}
Event: 139.615 GC heap before
{Heap before GC invocations=27 (full 3):
 PSYoungGen      total 390144K, used 375153K [0x00000000e0000000, 0x00000000f9f80000, 0x0000000100000000)
  eden space 358912K, 100% used [0x00000000e0000000,0x00000000f5e80000,0x00000000f5e80000)
  from space 31232K, 52% used [0x00000000f5e80000,0x00000000f6e5c570,0x00000000f7d00000)
  to   space 29184K, 0% used [0x00000000f7d00000,0x00000000f7d00000,0x00000000f9980000)
 ParOldGen       total 76288K, used 59875K [0x00000000a0000000, 0x00000000a4a80000, 0x00000000e0000000)
  object space 76288K, 78% used [0x00000000a0000000,0x00000000a3a78e40,0x00000000a4a80000)
 Metaspace       used 76183K, capacity 79178K, committed 79448K, reserved 1118208K
  class space    used 9937K, capacity 10584K, committed 10624K, reserved 1048576K
Event: 139.731 GC heap after
Heap after GC invocations=27 (full 3):
 PSYoungGen      total 386560K, used 24605K [0x00000000e0000000, 0x00000000fe500000, 0x0000000100000000)
  eden space 357376K, 0% used [0x00000000e0000000,0x00000000e0000000,0x00000000f5d00000)
  from space 29184K, 84% used [0x00000000f7d00000,0x00000000f9507710,0x00000000f9980000)
  to   space 32768K, 0% used [0x00000000f5d00000,0x00000000f5d00000,0x00000000f7d00000)
 ParOldGen       total 76288K, used 66695K [0x00000000a0000000, 0x00000000a4a80000, 0x00000000e0000000)
  object space 76288K, 87% used [0x00000000a0000000,0x00000000a4121ff8,0x00000000a4a80000)
 Metaspace       used 76183K, capacity 79178K, committed 79448K, reserved 1118208K
  class space    used 9937K, capacity 10584K, committed 10624K, reserved 1048576K
}
Event: 139.731 GC heap before
{Heap before GC invocations=28 (full 4):
 PSYoungGen      total 386560K, used 24605K [0x00000000e0000000, 0x00000000fe500000, 0x0000000100000000)
  eden space 357376K, 0% used [0x00000000e0000000,0x00000000e0000000,0x00000000f5d00000)
  from space 29184K, 84% used [0x00000000f7d00000,0x00000000f9507710,0x00000000f9980000)
  to   space 32768K, 0% used [0x00000000f5d00000,0x00000000f5d00000,0x00000000f7d00000)
 ParOldGen       total 76288K, used 66695K [0x00000000a0000000, 0x00000000a4a80000, 0x00000000e0000000)
  object space 76288K, 87% used [0x00000000a0000000,0x00000000a4121ff8,0x00000000a4a80000)
 Metaspace       used 76183K, capacity 79178K, committed 79448K, reserved 1118208K
  class space    used 9937K, capacity 10584K, committed 10624K, reserved 1048576K
Event: 140.262 GC heap after
Heap after GC invocations=28 (full 4):
 PSYoungGen      total 386560K, used 0K [0x00000000e0000000, 0x00000000fe500000, 0x0000000100000000)
  eden space 357376K, 0% used [0x00000000e0000000,0x00000000e0000000,0x00000000f5d00000)
  from space 29184K, 0% used [0x00000000f7d00000,0x00000000f7d00000,0x00000000f9980000)
  to   space 32768K, 0% used [0x00000000f5d00000,0x00000000f5d00000,0x00000000f7d00000)
 ParOldGen       total 117760K, used 62067K [0x00000000a0000000, 0x00000000a7300000, 0x00000000e0000000)
  object space 117760K, 52% used [0x00000000a0000000,0x00000000a3c9cc80,0x00000000a7300000)
 Metaspace       used 76165K, capacity 79128K, committed 79448K, reserved 1118208K
  class space    used 9931K, capacity 10573K, committed 10624K, reserved 1048576K
}
Event: 149.095 GC heap before
{Heap before GC invocations=29 (full 4):
 PSYoungGen      total 386560K, used 357131K [0x00000000e0000000, 0x00000000fe500000, 0x0000000100000000)
  eden space 357376K, 99% used [0x00000000e0000000,0x00000000f5cc2d80,0x00000000f5d00000)
  from space 29184K, 0% used [0x00000000f7d00000,0x00000000f7d00000,0x00000000f9980000)
  to   space 32768K, 0% used [0x00000000f5d00000,0x00000000f5d00000,0x00000000f7d00000)
 ParOldGen       total 117760K, used 62067K [0x00000000a0000000, 0x00000000a7300000, 0x00000000e0000000)
  object space 117760K, 52% used [0x00000000a0000000,0x00000000a3c9cc80,0x00000000a7300000)
 Metaspace       used 76820K, capacity 79882K, committed 80088K, reserved 1118208K
  class space    used 10009K, capacity 10662K, committed 10752K, reserved 1048576K
Event: 149.114 GC heap after
Heap after GC invocations=29 (full 4):
 PSYoungGen      total 390144K, used 6745K [0x00000000e0000000, 0x00000000fce00000, 0x0000000100000000)
  eden space 357376K, 0% used [0x00000000e0000000,0x00000000e0000000,0x00000000f5d00000)
  from space 32768K, 20% used [0x00000000f5d00000,0x00000000f63965c0,0x00000000f7d00000)
  to   space 32256K, 0% used [0x00000000fae80000,0x00000000fae80000,0x00000000fce00000)
 ParOldGen       total 117760K, used 62075K [0x00000000a0000000, 0x00000000a7300000, 0x00000000e0000000)
  object space 117760K, 52% used [0x00000000a0000000,0x00000000a3c9ec80,0x00000000a7300000)
 Metaspace       used 76820K, capacity 79882K, committed 80088K, reserved 1118208K
  class space    used 10009K, capacity 10662K, committed 10752K, reserved 1048576K
}

