# JRE version: OpenJDK Runtime Environment (8.0_152-b01) (build 1.8.0_152-release-1136-b01)
# Java VM: OpenJDK 64-Bit Server VM (25.152-b01 mixed mode windows-amd64 compressed oops)
Heap:
 PSYoungGen      total 280064K, used 56396K [0x00000000e0000000, 0x00000000f8b00000, 0x0000000100000000)
  eden space 260608K, 19% used [0x00000000e0000000,0x00000000e308bb20,0x00000000efe80000)
  from space 19456K, 34% used [0x00000000efe80000,0x00000000f0507858,0x00000000f1180000)
  to   space 18432K, 0% used [0x00000000f7900000,0x00000000f7900000,0x00000000f8b00000)
 ParOldGen       total 65024K, used 31627K [0x00000000a0000000, 0x00000000a3f80000, 0x00000000e0000000)
  object space 65024K, 48% used [0x00000000a0000000,0x00000000a1ee2f40,0x00000000a3f80000)
 Metaspace       used 62478K, capacity 64655K, committed 65024K, reserved 1105920K
  class space    used 8346K, capacity 8843K, committed 8960K, reserved 1048576K
GC Heap History (10 events):
Event: 39.853 GC heap before
{Heap before GC invocations=12 (full 2):
 PSYoungGen      total 131584K, used 122880K [0x00000000e0000000, 0x00000000ec700000, 0x0000000100000000)
  eden space 122880K, 100% used [0x00000000e0000000,0x00000000e7800000,0x00000000e7800000)
  from space 8704K, 0% used [0x00000000e7800000,0x00000000e7800000,0x00000000e8080000)
  to   space 11264K, 0% used [0x00000000ebc00000,0x00000000ebc00000,0x00000000ec700000)
 ParOldGen       total 44032K, used 19070K [0x00000000a0000000, 0x00000000a2b00000, 0x00000000e0000000)
  object space 44032K, 43% used [0x00000000a0000000,0x00000000a129fae8,0x00000000a2b00000)
 Metaspace       used 42630K, capacity 43424K, committed 43520K, reserved 1087488K
  class space    used 5866K, capacity 6135K, committed 6144K, reserved 1048576K
Event: 39.981 GC heap after
Heap after GC invocations=12 (full 2):
 PSYoungGen      total 189952K, used 11262K [0x00000000e0000000, 0x00000000ecd80000, 0x0000000100000000)
  eden space 178688K, 0% used [0x00000000e0000000,0x00000000e0000000,0x00000000eae80000)
  from space 11264K, 99% used [0x00000000ebc00000,0x00000000ec6ffa60,0x00000000ec700000)
  to   space 13824K, 0% used [0x00000000eae80000,0x00000000eae80000,0x00000000ebc00000)
 ParOldGen       total 44032K, used 21344K [0x00000000a0000000, 0x00000000a2b00000, 0x00000000e0000000)
  object space 44032K, 48% used [0x00000000a0000000,0x00000000a14d8160,0x00000000a2b00000)
 Metaspace       used 42630K, capacity 43424K, committed 43520K, reserved 1087488K
  class space    used 5866K, capacity 6135K, committed 6144K, reserved 1048576K
}
Event: 51.298 GC heap before
{Heap before GC invocations=13 (full 2):
 PSYoungGen      total 189952K, used 189950K [0x00000000e0000000, 0x00000000ecd80000, 0x0000000100000000)
  eden space 178688K, 100% used [0x00000000e0000000,0x00000000eae80000,0x00000000eae80000)
  from space 11264K, 99% used [0x00000000ebc00000,0x00000000ec6ffa60,0x00000000ec700000)
  to   space 13824K, 0% used [0x00000000eae80000,0x00000000eae80000,0x00000000ebc00000)
 ParOldGen       total 44032K, used 21344K [0x00000000a0000000, 0x00000000a2b00000, 0x00000000e0000000)
  object space 44032K, 48% used [0x00000000a0000000,0x00000000a14d8160,0x00000000a2b00000)
 Metaspace       used 55311K, capacity 56888K, committed 57216K, reserved 1097728K
  class space    used 7578K, capacity 7975K, committed 8064K, reserved 1048576K
Event: 51.782 GC heap after
Heap after GC invocations=13 (full 2):
 PSYoungGen      total 192512K, used 13804K [0x00000000e0000000, 0x00000000f2a00000, 0x0000000100000000)
  eden space 178688K, 0% used [0x00000000e0000000,0x00000000e0000000,0x00000000eae80000)
  from space 13824K, 99% used [0x00000000eae80000,0x00000000ebbfb038,0x00000000ebc00000)
  to   space 19968K, 0% used [0x00000000f1680000,0x00000000f1680000,0x00000000f2a00000)
 ParOldGen       total 44032K, used 31875K [0x00000000a0000000, 0x00000000a2b00000, 0x00000000e0000000)
  object space 44032K, 72% used [0x00000000a0000000,0x00000000a1f20d20,0x00000000a2b00000)
 Metaspace       used 55311K, capacity 56888K, committed 57216K, reserved 1097728K
  class space    used 7578K, capacity 7975K, committed 8064K, reserved 1048576K
}
Event: 63.820 GC heap before
{Heap before GC invocations=14 (full 2):
 PSYoungGen      total 192512K, used 52920K [0x00000000e0000000, 0x00000000f2a00000, 0x0000000100000000)
  eden space 178688K, 21% used [0x00000000e0000000,0x00000000e2633018,0x00000000eae80000)
  from space 13824K, 99% used [0x00000000eae80000,0x00000000ebbfb038,0x00000000ebc00000)
  to   space 19968K, 0% used [0x00000000f1680000,0x00000000f1680000,0x00000000f2a00000)
 ParOldGen       total 44032K, used 31875K [0x00000000a0000000, 0x00000000a2b00000, 0x00000000e0000000)
  object space 44032K, 72% used [0x00000000a0000000,0x00000000a1f20d20,0x00000000a2b00000)
 Metaspace       used 57104K, capacity 58951K, committed 59028K, reserved 1099776K
  class space    used 7797K, capacity 8192K, committed 8192K, reserved 1048576K
Event: 63.854 GC heap after
Heap after GC invocations=14 (full 2):
 PSYoungGen      total 274944K, used 2719K [0x00000000e0000000, 0x00000000f2480000, 0x0000000100000000)
  eden space 260608K, 0% used [0x00000000e0000000,0x00000000e0000000,0x00000000efe80000)
  from space 14336K, 18% used [0x00000000f1680000,0x00000000f1927ea0,0x00000000f2480000)
  to   space 19456K, 0% used [0x00000000efe80000,0x00000000efe80000,0x00000000f1180000)
 ParOldGen       total 44032K, used 40245K [0x00000000a0000000, 0x00000000a2b00000, 0x00000000e0000000)
  object space 44032K, 91% used [0x00000000a0000000,0x00000000a274d5a8,0x00000000a2b00000)
 Metaspace       used 57104K, capacity 58951K, committed 59028K, reserved 1099776K
  class space    used 7797K, capacity 8192K, committed 8192K, reserved 1048576K
}
Event: 63.854 GC heap before
{Heap before GC invocations=15 (full 3):
 PSYoungGen      total 274944K, used 2719K [0x00000000e0000000, 0x00000000f2480000, 0x0000000100000000)
  eden space 260608K, 0% used [0x00000000e0000000,0x00000000e0000000,0x00000000efe80000)
  from space 14336K, 18% used [0x00000000f1680000,0x00000000f1927ea0,0x00000000f2480000)
  to   space 19456K, 0% used [0x00000000efe80000,0x00000000efe80000,0x00000000f1180000)
 ParOldGen       total 44032K, used 40245K [0x00000000a0000000, 0x00000000a2b00000, 0x00000000e0000000)
  object space 44032K, 91% used [0x00000000a0000000,0x00000000a274d5a8,0x00000000a2b00000)
 Metaspace       used 57104K, capacity 58951K, committed 59028K, reserved 1099776K
  class space    used 7797K, capacity 8192K, committed 8192K, reserved 1048576K
Event: 64.458 GC heap after
Heap after GC invocations=15 (full 3):
 PSYoungGen      total 274944K, used 0K [0x00000000e0000000, 0x00000000f2480000, 0x0000000100000000)
  eden space 260608K, 0% used [0x00000000e0000000,0x00000000e0000000,0x00000000efe80000)
  from space 14336K, 0% used [0x00000000f1680000,0x00000000f1680000,0x00000000f2480000)
  to   space 19456K, 0% used [0x00000000efe80000,0x00000000efe80000,0x00000000f1180000)
 ParOldGen       total 65024K, used 31619K [0x00000000a0000000, 0x00000000a3f80000, 0x00000000e0000000)
  object space 65024K, 48% used [0x00000000a0000000,0x00000000a1ee0f40,0x00000000a3f80000)
 Metaspace       used 57104K, capacity 58951K, committed 59028K, reserved 1099776K
  class space    used 7797K, capacity 8192K, committed 8192K, reserved 1048576K
}
Event: 186.771 GC heap before
{Heap before GC invocations=16 (full 3):
 PSYoungGen      total 274944K, used 260608K [0x00000000e0000000, 0x00000000f2480000, 0x0000000100000000)
  eden space 260608K, 100% used [0x00000000e0000000,0x00000000efe80000,0x00000000efe80000)
  from space 14336K, 0% used [0x00000000f1680000,0x00000000f1680000,0x00000000f2480000)
  to   space 19456K, 0% used [0x00000000efe80000,0x00000000efe80000,0x00000000f1180000)
 ParOldGen       total 65024K, used 31619K [0x00000000a0000000, 0x00000000a3f80000, 0x00000000e0000000)
  object space 65024K, 48% used [0x00000000a0000000,0x00000000a1ee0f40,0x00000000a3f80000)
 Metaspace       used 61914K, capacity 64037K, committed 64128K, reserved 1103872K
  class space    used 8337K, capacity 8826K, committed 8832K, reserved 1048576K
Event: 188.221 GC heap after
Heap after GC invocations=16 (full 3):
 PSYoungGen      total 280064K, used 6686K [0x00000000e0000000, 0x00000000f8b00000, 0x0000000100000000)
  eden space 260608K, 0% used [0x00000000e0000000,0x00000000e0000000,0x00000000efe80000)
  from space 19456K, 34% used [0x00000000efe80000,0x00000000f0507858,0x00000000f1180000)
  to   space 18432K, 0% used [0x00000000f7900000,0x00000000f7900000,0x00000000f8b00000)
 ParOldGen       total 65024K, used 31627K [0x00000000a0000000, 0x00000000a3f80000, 0x00000000e0000000)
  object space 65024K, 48% used [0x00000000a0000000,0x00000000a1ee2f40,0x00000000a3f80000)
 Metaspace       used 61914K, capacity 64037K, committed 64128K, reserved 1103872K
  class space    used 8337K, capacity 8826K, committed 8832K, reserved 1048576K
}

