# JRE version: OpenJDK Runtime Environment (8.0_152-b01) (build 1.8.0_152-release-1136-b01)
# Java VM: OpenJDK 64-Bit Server VM (25.152-b01 mixed mode windows-amd64 compressed oops)
Heap:
 PSYoungGen      total 213504K, used 63753K [0x00000000e0000000, 0x00000000ee180000, 0x0000000100000000)
  eden space 198144K, 32% used [0x00000000e0000000,0x00000000e3e424e0,0x00000000ec180000)
  from space 15360K, 0% used [0x00000000ed100000,0x00000000ed100000,0x00000000ee000000)
  to   space 15872K, 0% used [0x00000000ec180000,0x00000000ec180000,0x00000000ed100000)
 ParOldGen       total 65536K, used 33718K [0x00000000a0000000, 0x00000000a4000000, 0x00000000e0000000)
  object space 65536K, 51% used [0x00000000a0000000,0x00000000a20edad0,0x00000000a4000000)
 Metaspace       used 62791K, capacity 64606K, committed 64768K, reserved 1105920K
  class space    used 8429K, capacity 8842K, committed 8960K, reserved 1048576K
GC Heap History (10 events):
Event: 27.736 GC heap before
{Heap before GC invocations=13 (full 2):
 PSYoungGen      total 99840K, used 1724K [0x00000000e0000000, 0x00000000e9c00000, 0x0000000100000000)
  eden space 90112K, 0% used [0x00000000e0000000,0x00000000e0000000,0x00000000e5800000)
  from space 9728K, 17% used [0x00000000e5800000,0x00000000e59af058,0x00000000e6180000)
  to   space 9728K, 0% used [0x00000000e9280000,0x00000000e9280000,0x00000000e9c00000)
 ParOldGen       total 28672K, used 15051K [0x00000000a0000000, 0x00000000a1c00000, 0x00000000e0000000)
  object space 28672K, 52% used [0x00000000a0000000,0x00000000a0eb2e40,0x00000000a1c00000)
 Metaspace       used 34741K, capacity 35298K, committed 35416K, reserved 1079296K
  class space    used 4806K, capacity 5021K, committed 5120K, reserved 1048576K
Event: 28.008 GC heap after
Heap after GC invocations=13 (full 2):
 PSYoungGen      total 99840K, used 0K [0x00000000e0000000, 0x00000000e9c00000, 0x0000000100000000)
  eden space 90112K, 0% used [0x00000000e0000000,0x00000000e0000000,0x00000000e5800000)
  from space 9728K, 0% used [0x00000000e5800000,0x00000000e5800000,0x00000000e6180000)
  to   space 9728K, 0% used [0x00000000e9280000,0x00000000e9280000,0x00000000e9c00000)
 ParOldGen       total 39424K, used 14656K [0x00000000a0000000, 0x00000000a2680000, 0x00000000e0000000)
  object space 39424K, 37% used [0x00000000a0000000,0x00000000a0e50380,0x00000000a2680000)
 Metaspace       used 34741K, capacity 35298K, committed 35416K, reserved 1079296K
  class space    used 4806K, capacity 5021K, committed 5120K, reserved 1048576K
}
Event: 32.715 GC heap before
{Heap before GC invocations=14 (full 2):
 PSYoungGen      total 99840K, used 90112K [0x00000000e0000000, 0x00000000e9c00000, 0x0000000100000000)
  eden space 90112K, 100% used [0x00000000e0000000,0x00000000e5800000,0x00000000e5800000)
  from space 9728K, 0% used [0x00000000e5800000,0x00000000e5800000,0x00000000e6180000)
  to   space 9728K, 0% used [0x00000000e9280000,0x00000000e9280000,0x00000000e9c00000)
 ParOldGen       total 39424K, used 14656K [0x00000000a0000000, 0x00000000a2680000, 0x00000000e0000000)
  object space 39424K, 37% used [0x00000000a0000000,0x00000000a0e50380,0x00000000a2680000)
 Metaspace       used 40427K, capacity 41136K, committed 41472K, reserved 1085440K
  class space    used 5493K, capacity 5764K, committed 5888K, reserved 1048576K
Event: 32.962 GC heap after
Heap after GC invocations=14 (full 2):
 PSYoungGen      total 143872K, used 9699K [0x00000000e0000000, 0x00000000e9c00000, 0x0000000100000000)
  eden space 134144K, 0% used [0x00000000e0000000,0x00000000e0000000,0x00000000e8300000)
  from space 9728K, 99% used [0x00000000e9280000,0x00000000e9bf8da8,0x00000000e9c00000)
  to   space 11264K, 0% used [0x00000000e8600000,0x00000000e8600000,0x00000000e9100000)
 ParOldGen       total 39424K, used 14862K [0x00000000a0000000, 0x00000000a2680000, 0x00000000e0000000)
  object space 39424K, 37% used [0x00000000a0000000,0x00000000a0e838d0,0x00000000a2680000)
 Metaspace       used 40427K, capacity 41136K, committed 41472K, reserved 1085440K
  class space    used 5493K, capacity 5764K, committed 5888K, reserved 1048576K
}
Event: 43.086 GC heap before
{Heap before GC invocations=15 (full 2):
 PSYoungGen      total 143872K, used 143843K [0x00000000e0000000, 0x00000000e9c00000, 0x0000000100000000)
  eden space 134144K, 100% used [0x00000000e0000000,0x00000000e8300000,0x00000000e8300000)
  from space 9728K, 99% used [0x00000000e9280000,0x00000000e9bf8da8,0x00000000e9c00000)
  to   space 11264K, 0% used [0x00000000e8600000,0x00000000e8600000,0x00000000e9100000)
 ParOldGen       total 39424K, used 14862K [0x00000000a0000000, 0x00000000a2680000, 0x00000000e0000000)
  object space 39424K, 37% used [0x00000000a0000000,0x00000000a0e838d0,0x00000000a2680000)
 Metaspace       used 51678K, capacity 53130K, committed 53248K, reserved 1095680K
  class space    used 7057K, capacity 7402K, committed 7424K, reserved 1048576K
Event: 43.592 GC heap after
Heap after GC invocations=15 (full 2):
 PSYoungGen      total 148480K, used 11237K [0x00000000e0000000, 0x00000000ee000000, 0x0000000100000000)
  eden space 137216K, 0% used [0x00000000e0000000,0x00000000e0000000,0x00000000e8600000)
  from space 11264K, 99% used [0x00000000e8600000,0x00000000e90f94b8,0x00000000e9100000)
  to   space 15360K, 0% used [0x00000000ed100000,0x00000000ed100000,0x00000000ee000000)
 ParOldGen       total 39424K, used 22096K [0x00000000a0000000, 0x00000000a2680000, 0x00000000e0000000)
  object space 39424K, 56% used [0x00000000a0000000,0x00000000a1594100,0x00000000a2680000)
 Metaspace       used 51678K, capacity 53130K, committed 53248K, reserved 1095680K
  class space    used 7057K, capacity 7402K, committed 7424K, reserved 1048576K
}
Event: 65.094 GC heap before
{Heap before GC invocations=16 (full 2):
 PSYoungGen      total 148480K, used 133771K [0x00000000e0000000, 0x00000000ee000000, 0x0000000100000000)
  eden space 137216K, 89% used [0x00000000e0000000,0x00000000e77a9928,0x00000000e8600000)
  from space 11264K, 99% used [0x00000000e8600000,0x00000000e90f94b8,0x00000000e9100000)
  to   space 15360K, 0% used [0x00000000ed100000,0x00000000ed100000,0x00000000ee000000)
 ParOldGen       total 39424K, used 22096K [0x00000000a0000000, 0x00000000a2680000, 0x00000000e0000000)
  object space 39424K, 56% used [0x00000000a0000000,0x00000000a1594100,0x00000000a2680000)
 Metaspace       used 57288K, capacity 58998K, committed 59028K, reserved 1099776K
  class space    used 7776K, capacity 8190K, committed 8192K, reserved 1048576K
Event: 65.175 GC heap after
Heap after GC invocations=16 (full 2):
 PSYoungGen      total 213504K, used 10024K [0x00000000e0000000, 0x00000000ee180000, 0x0000000100000000)
  eden space 198144K, 0% used [0x00000000e0000000,0x00000000e0000000,0x00000000ec180000)
  from space 15360K, 65% used [0x00000000ed100000,0x00000000edaca058,0x00000000ee000000)
  to   space 15872K, 0% used [0x00000000ec180000,0x00000000ec180000,0x00000000ed100000)
 ParOldGen       total 39424K, used 27227K [0x00000000a0000000, 0x00000000a2680000, 0x00000000e0000000)
  object space 39424K, 69% used [0x00000000a0000000,0x00000000a1a96ce8,0x00000000a2680000)
 Metaspace       used 57288K, capacity 58998K, committed 59028K, reserved 1099776K
  class space    used 7776K, capacity 8190K, committed 8192K, reserved 1048576K
}
Event: 65.176 GC heap before
{Heap before GC invocations=17 (full 3):
 PSYoungGen      total 213504K, used 10024K [0x00000000e0000000, 0x00000000ee180000, 0x0000000100000000)
  eden space 198144K, 0% used [0x00000000e0000000,0x00000000e0000000,0x00000000ec180000)
  from space 15360K, 65% used [0x00000000ed100000,0x00000000edaca058,0x00000000ee000000)
  to   space 15872K, 0% used [0x00000000ec180000,0x00000000ec180000,0x00000000ed100000)
 ParOldGen       total 39424K, used 27227K [0x00000000a0000000, 0x00000000a2680000, 0x00000000e0000000)
  object space 39424K, 69% used [0x00000000a0000000,0x00000000a1a96ce8,0x00000000a2680000)
 Metaspace       used 57288K, capacity 58998K, committed 59028K, reserved 1099776K
  class space    used 7776K, capacity 8190K, committed 8192K, reserved 1048576K
Event: 66.301 GC heap after
Heap after GC invocations=17 (full 3):
 PSYoungGen      total 213504K, used 0K [0x00000000e0000000, 0x00000000ee180000, 0x0000000100000000)
  eden space 198144K, 0% used [0x00000000e0000000,0x00000000e0000000,0x00000000ec180000)
  from space 15360K, 0% used [0x00000000ed100000,0x00000000ed100000,0x00000000ee000000)
  to   space 15872K, 0% used [0x00000000ec180000,0x00000000ec180000,0x00000000ed100000)
 ParOldGen       total 65536K, used 33718K [0x00000000a0000000, 0x00000000a4000000, 0x00000000e0000000)
  object space 65536K, 51% used [0x00000000a0000000,0x00000000a20edad0,0x00000000a4000000)
 Metaspace       used 57288K, capacity 58998K, committed 59028K, reserved 1099776K
  class space    used 7776K, capacity 8190K, committed 8192K, reserved 1048576K
}

