# JRE version: OpenJDK Runtime Environment (8.0_152-b01) (build 1.8.0_152-release-1136-b01)
# Java VM: OpenJDK 64-Bit Server VM (25.152-b01 mixed mode windows-amd64 compressed oops)
Heap:
 PSYoungGen      total 131072K, used 25857K [0x00000000e0000000, 0x00000000eb100000, 0x0000000100000000)
  eden space 122368K, 21% used [0x00000000e0000000,0x00000000e1940768,0x00000000e7780000)
  from space 8704K, 0% used [0x00000000e7780000,0x00000000e7780000,0x00000000e8000000)
  to   space 11776K, 0% used [0x00000000ea580000,0x00000000ea580000,0x00000000eb100000)
 ParOldGen       total 48128K, used 19449K [0x00000000a0000000, 0x00000000a2f00000, 0x00000000e0000000)
  object space 48128K, 40% used [0x00000000a0000000,0x00000000a12fe550,0x00000000a2f00000)
 Metaspace       used 36741K, capacity 37566K, committed 37888K, reserved 1081344K
  class space    used 5076K, capacity 5351K, committed 5376K, reserved 1048576K
GC Heap History (10 events):
Event: 11.571 GC heap before
{Heap before GC invocations=7 (full 0):
 PSYoungGen      total 68608K, used 28495K [0x00000000e0000000, 0x00000000e4c00000, 0x0000000100000000)
  eden space 62464K, 35% used [0x00000000e0000000,0x00000000e15d5c78,0x00000000e3d00000)
  from space 6144K, 99% used [0x00000000e4400000,0x00000000e49fe0c0,0x00000000e4a00000)
  to   space 7168K, 0% used [0x00000000e3d00000,0x00000000e3d00000,0x00000000e4400000)
 ParOldGen       total 42496K, used 6243K [0x00000000a0000000, 0x00000000a2980000, 0x00000000e0000000)
  object space 42496K, 14% used [0x00000000a0000000,0x00000000a0618e88,0x00000000a2980000)
 Metaspace       used 20734K, capacity 21154K, committed 21248K, reserved 1067008K
  class space    used 2904K, capacity 3041K, committed 3072K, reserved 1048576K
Event: 11.586 GC heap after
Heap after GC invocations=7 (full 0):
 PSYoungGen      total 69632K, used 6089K [0x00000000e0000000, 0x00000000e8a00000, 0x0000000100000000)
  eden space 62464K, 0% used [0x00000000e0000000,0x00000000e0000000,0x00000000e3d00000)
  from space 7168K, 84% used [0x00000000e3d00000,0x00000000e42f2470,0x00000000e4400000)
  to   space 8192K, 0% used [0x00000000e8200000,0x00000000e8200000,0x00000000e8a00000)
 ParOldGen       total 42496K, used 7111K [0x00000000a0000000, 0x00000000a2980000, 0x00000000e0000000)
  object space 42496K, 16% used [0x00000000a0000000,0x00000000a06f1ed8,0x00000000a2980000)
 Metaspace       used 20734K, capacity 21154K, committed 21248K, reserved 1067008K
  class space    used 2904K, capacity 3041K, committed 3072K, reserved 1048576K
}
Event: 11.586 GC heap before
{Heap before GC invocations=8 (full 1):
 PSYoungGen      total 69632K, used 6089K [0x00000000e0000000, 0x00000000e8a00000, 0x0000000100000000)
  eden space 62464K, 0% used [0x00000000e0000000,0x00000000e0000000,0x00000000e3d00000)
  from space 7168K, 84% used [0x00000000e3d00000,0x00000000e42f2470,0x00000000e4400000)
  to   space 8192K, 0% used [0x00000000e8200000,0x00000000e8200000,0x00000000e8a00000)
 ParOldGen       total 42496K, used 7111K [0x00000000a0000000, 0x00000000a2980000, 0x00000000e0000000)
  object space 42496K, 16% used [0x00000000a0000000,0x00000000a06f1ed8,0x00000000a2980000)
 Metaspace       used 20734K, capacity 21154K, committed 21248K, reserved 1067008K
  class space    used 2904K, capacity 3041K, committed 3072K, reserved 1048576K
Event: 11.935 GC heap after
Heap after GC invocations=8 (full 1):
 PSYoungGen      total 69632K, used 0K [0x00000000e0000000, 0x00000000e8a00000, 0x0000000100000000)
  eden space 62464K, 0% used [0x00000000e0000000,0x00000000e0000000,0x00000000e3d00000)
  from space 7168K, 0% used [0x00000000e3d00000,0x00000000e3d00000,0x00000000e4400000)
  to   space 8192K, 0% used [0x00000000e8200000,0x00000000e8200000,0x00000000e8a00000)
 ParOldGen       total 31232K, used 8369K [0x00000000a0000000, 0x00000000a1e80000, 0x00000000e0000000)
  object space 31232K, 26% used [0x00000000a0000000,0x00000000a082c490,0x00000000a1e80000)
 Metaspace       used 20734K, capacity 21154K, committed 21248K, reserved 1067008K
  class space    used 2904K, capacity 3041K, committed 3072K, reserved 1048576K
}
Event: 21.738 GC heap before
{Heap before GC invocations=9 (full 1):
 PSYoungGen      total 69632K, used 62464K [0x00000000e0000000, 0x00000000e8a00000, 0x0000000100000000)
  eden space 62464K, 100% used [0x00000000e0000000,0x00000000e3d00000,0x00000000e3d00000)
  from space 7168K, 0% used [0x00000000e3d00000,0x00000000e3d00000,0x00000000e4400000)
  to   space 8192K, 0% used [0x00000000e8200000,0x00000000e8200000,0x00000000e8a00000)
 ParOldGen       total 31232K, used 8369K [0x00000000a0000000, 0x00000000a1e80000, 0x00000000e0000000)
  object space 31232K, 26% used [0x00000000a0000000,0x00000000a082c490,0x00000000a1e80000)
 Metaspace       used 26295K, capacity 26760K, committed 26880K, reserved 1073152K
  class space    used 3591K, capacity 3749K, committed 3840K, reserved 1048576K
Event: 21.887 GC heap after
Heap after GC invocations=9 (full 1):
 PSYoungGen      total 116736K, used 6482K [0x00000000e0000000, 0x00000000e8880000, 0x0000000100000000)
  eden space 110080K, 0% used [0x00000000e0000000,0x00000000e0000000,0x00000000e6b80000)
  from space 6656K, 97% used [0x00000000e8200000,0x00000000e88548a0,0x00000000e8880000)
  to   space 8704K, 0% used [0x00000000e7780000,0x00000000e7780000,0x00000000e8000000)
 ParOldGen       total 31232K, used 8377K [0x00000000a0000000, 0x00000000a1e80000, 0x00000000e0000000)
  object space 31232K, 26% used [0x00000000a0000000,0x00000000a082e490,0x00000000a1e80000)
 Metaspace       used 26295K, capacity 26760K, committed 26880K, reserved 1073152K
  class space    used 3591K, capacity 3749K, committed 3840K, reserved 1048576K
}
Event: 27.470 GC heap before
{Heap before GC invocations=10 (full 1):
 PSYoungGen      total 116736K, used 109001K [0x00000000e0000000, 0x00000000e8880000, 0x0000000100000000)
  eden space 110080K, 93% used [0x00000000e0000000,0x00000000e641dbf8,0x00000000e6b80000)
  from space 6656K, 97% used [0x00000000e8200000,0x00000000e88548a0,0x00000000e8880000)
  to   space 8704K, 0% used [0x00000000e7780000,0x00000000e7780000,0x00000000e8000000)
 ParOldGen       total 31232K, used 8377K [0x00000000a0000000, 0x00000000a1e80000, 0x00000000e0000000)
  object space 31232K, 26% used [0x00000000a0000000,0x00000000a082e490,0x00000000a1e80000)
 Metaspace       used 34715K, capacity 35302K, committed 35416K, reserved 1079296K
  class space    used 4826K, capacity 5043K, committed 5120K, reserved 1048576K
Event: 27.531 GC heap after
Heap after GC invocations=10 (full 1):
 PSYoungGen      total 131072K, used 8688K [0x00000000e0000000, 0x00000000eb100000, 0x0000000100000000)
  eden space 122368K, 0% used [0x00000000e0000000,0x00000000e0000000,0x00000000e7780000)
  from space 8704K, 99% used [0x00000000e7780000,0x00000000e7ffc238,0x00000000e8000000)
  to   space 11776K, 0% used [0x00000000ea580000,0x00000000ea580000,0x00000000eb100000)
 ParOldGen       total 31232K, used 13248K [0x00000000a0000000, 0x00000000a1e80000, 0x00000000e0000000)
  object space 31232K, 42% used [0x00000000a0000000,0x00000000a0cf0098,0x00000000a1e80000)
 Metaspace       used 34715K, capacity 35302K, committed 35416K, reserved 1079296K
  class space    used 4826K, capacity 5043K, committed 5120K, reserved 1048576K
}
Event: 27.531 GC heap before
{Heap before GC invocations=11 (full 2):
 PSYoungGen      total 131072K, used 8688K [0x00000000e0000000, 0x00000000eb100000, 0x0000000100000000)
  eden space 122368K, 0% used [0x00000000e0000000,0x00000000e0000000,0x00000000e7780000)
  from space 8704K, 99% used [0x00000000e7780000,0x00000000e7ffc238,0x00000000e8000000)
  to   space 11776K, 0% used [0x00000000ea580000,0x00000000ea580000,0x00000000eb100000)
 ParOldGen       total 31232K, used 13248K [0x00000000a0000000, 0x00000000a1e80000, 0x00000000e0000000)
  object space 31232K, 42% used [0x00000000a0000000,0x00000000a0cf0098,0x00000000a1e80000)
 Metaspace       used 34715K, capacity 35302K, committed 35416K, reserved 1079296K
  class space    used 4826K, capacity 5043K, committed 5120K, reserved 1048576K
Event: 27.740 GC heap after
Heap after GC invocations=11 (full 2):
 PSYoungGen      total 131072K, used 0K [0x00000000e0000000, 0x00000000eb100000, 0x0000000100000000)
  eden space 122368K, 0% used [0x00000000e0000000,0x00000000e0000000,0x00000000e7780000)
  from space 8704K, 0% used [0x00000000e7780000,0x00000000e7780000,0x00000000e8000000)
  to   space 11776K, 0% used [0x00000000ea580000,0x00000000ea580000,0x00000000eb100000)
 ParOldGen       total 48128K, used 19449K [0x00000000a0000000, 0x00000000a2f00000, 0x00000000e0000000)
  object space 48128K, 40% used [0x00000000a0000000,0x00000000a12fe550,0x00000000a2f00000)
 Metaspace       used 34715K, capacity 35302K, committed 35416K, reserved 1079296K
  class space    used 4826K, capacity 5043K, committed 5120K, reserved 1048576K
}

