# JRE version: OpenJDK Runtime Environment (8.0_152-b01) (build 1.8.0_152-release-1136-b01)
# Java VM: OpenJDK 64-Bit Server VM (25.152-b01 mixed mode windows-amd64 compressed oops)
Heap:
 PSYoungGen      total 36864K, used 14355K [0x00000000e0000000, 0x00000000e4a00000, 0x0000000100000000)
  eden space 31232K, 27% used [0x00000000e0000000,0x00000000e08860f8,0x00000000e1e80000)
  from space 5632K, 99% used [0x00000000e1e80000,0x00000000e23fedf0,0x00000000e2400000)
  to   space 6656K, 0% used [0x00000000e4380000,0x00000000e4380000,0x00000000e4a00000)
 ParOldGen       total 42496K, used 5394K [0x00000000a0000000, 0x00000000a2980000, 0x00000000e0000000)
  object space 42496K, 12% used [0x00000000a0000000,0x00000000a05449c8,0x00000000a2980000)
 Metaspace       used 17795K, capacity 18204K, committed 18432K, reserved 1064960K
  class space    used 2568K, capacity 2720K, committed 2816K, reserved 1048576K
GC Heap History (10 events):
Event: 3.745 GC heap before
{Heap before GC invocations=3 (full 0):
 PSYoungGen      total 18432K, used 18425K [0x00000000e0000000, 0x00000000e1480000, 0x0000000100000000)
  eden space 15872K, 100% used [0x00000000e0000000,0x00000000e0f80000,0x00000000e0f80000)
  from space 2560K, 99% used [0x00000000e1200000,0x00000000e147e608,0x00000000e1480000)
  to   space 2560K, 0% used [0x00000000e0f80000,0x00000000e0f80000,0x00000000e1200000)
 ParOldGen       total 42496K, used 356K [0x00000000a0000000, 0x00000000a2980000, 0x00000000e0000000)
  object space 42496K, 0% used [0x00000000a0000000,0x00000000a00591e0,0x00000000a2980000)
 Metaspace       used 6888K, capacity 7016K, committed 7168K, reserved 1056768K
  class space    used 855K, capacity 916K, committed 1024K, reserved 1048576K
Event: 3.749 GC heap after
Heap after GC invocations=3 (full 0):
 PSYoungGen      total 18432K, used 2528K [0x00000000e0000000, 0x00000000e2400000, 0x0000000100000000)
  eden space 15872K, 0% used [0x00000000e0000000,0x00000000e0000000,0x00000000e0f80000)
  from space 2560K, 98% used [0x00000000e0f80000,0x00000000e11f8020,0x00000000e1200000)
  to   space 2560K, 0% used [0x00000000e2180000,0x00000000e2180000,0x00000000e2400000)
 ParOldGen       total 42496K, used 582K [0x00000000a0000000, 0x00000000a2980000, 0x00000000e0000000)
  object space 42496K, 1% used [0x00000000a0000000,0x00000000a0091988,0x00000000a2980000)
 Metaspace       used 6888K, capacity 7016K, committed 7168K, reserved 1056768K
  class space    used 855K, capacity 916K, committed 1024K, reserved 1048576K
}
Event: 5.680 GC heap before
{Heap before GC invocations=4 (full 0):
 PSYoungGen      total 18432K, used 18400K [0x00000000e0000000, 0x00000000e2400000, 0x0000000100000000)
  eden space 15872K, 100% used [0x00000000e0000000,0x00000000e0f80000,0x00000000e0f80000)
  from space 2560K, 98% used [0x00000000e0f80000,0x00000000e11f8020,0x00000000e1200000)
  to   space 2560K, 0% used [0x00000000e2180000,0x00000000e2180000,0x00000000e2400000)
 ParOldGen       total 42496K, used 582K [0x00000000a0000000, 0x00000000a2980000, 0x00000000e0000000)
  object space 42496K, 1% used [0x00000000a0000000,0x00000000a0091988,0x00000000a2980000)
 Metaspace       used 10428K, capacity 10600K, committed 10752K, reserved 1058816K
  class space    used 1362K, capacity 1486K, committed 1536K, reserved 1048576K
Event: 5.688 GC heap after
Heap after GC invocations=4 (full 0):
 PSYoungGen      total 18432K, used 2544K [0x00000000e0000000, 0x00000000e2400000, 0x0000000100000000)
  eden space 15872K, 0% used [0x00000000e0000000,0x00000000e0000000,0x00000000e0f80000)
  from space 2560K, 99% used [0x00000000e2180000,0x00000000e23fc030,0x00000000e2400000)
  to   space 2560K, 0% used [0x00000000e0f80000,0x00000000e0f80000,0x00000000e1200000)
 ParOldGen       total 42496K, used 2425K [0x00000000a0000000, 0x00000000a2980000, 0x00000000e0000000)
  object space 42496K, 5% used [0x00000000a0000000,0x00000000a025e660,0x00000000a2980000)
 Metaspace       used 10428K, capacity 10600K, committed 10752K, reserved 1058816K
  class space    used 1362K, capacity 1486K, committed 1536K, reserved 1048576K
}
Event: 6.074 GC heap before
{Heap before GC invocations=5 (full 0):
 PSYoungGen      total 18432K, used 18416K [0x00000000e0000000, 0x00000000e2400000, 0x0000000100000000)
  eden space 15872K, 100% used [0x00000000e0000000,0x00000000e0f80000,0x00000000e0f80000)
  from space 2560K, 99% used [0x00000000e2180000,0x00000000e23fc030,0x00000000e2400000)
  to   space 2560K, 0% used [0x00000000e0f80000,0x00000000e0f80000,0x00000000e1200000)
 ParOldGen       total 42496K, used 2425K [0x00000000a0000000, 0x00000000a2980000, 0x00000000e0000000)
  object space 42496K, 5% used [0x00000000a0000000,0x00000000a025e660,0x00000000a2980000)
 Metaspace       used 12611K, capacity 12984K, committed 13184K, reserved 1060864K
  class space    used 1709K, capacity 1866K, committed 1920K, reserved 1048576K
Event: 6.084 GC heap after
Heap after GC invocations=5 (full 0):
 PSYoungGen      total 18432K, used 2544K [0x00000000e0000000, 0x00000000e2900000, 0x0000000100000000)
  eden space 15872K, 0% used [0x00000000e0000000,0x00000000e0000000,0x00000000e0f80000)
  from space 2560K, 99% used [0x00000000e0f80000,0x00000000e11fc010,0x00000000e1200000)
  to   space 5120K, 0% used [0x00000000e2400000,0x00000000e2400000,0x00000000e2900000)
 ParOldGen       total 42496K, used 4310K [0x00000000a0000000, 0x00000000a2980000, 0x00000000e0000000)
  object space 42496K, 10% used [0x00000000a0000000,0x00000000a04359c0,0x00000000a2980000)
 Metaspace       used 12611K, capacity 12984K, committed 13184K, reserved 1060864K
  class space    used 1709K, capacity 1866K, committed 1920K, reserved 1048576K
}
Event: 6.277 GC heap before
{Heap before GC invocations=6 (full 0):
 PSYoungGen      total 18432K, used 18416K [0x00000000e0000000, 0x00000000e2900000, 0x0000000100000000)
  eden space 15872K, 100% used [0x00000000e0000000,0x00000000e0f80000,0x00000000e0f80000)
  from space 2560K, 99% used [0x00000000e0f80000,0x00000000e11fc010,0x00000000e1200000)
  to   space 5120K, 0% used [0x00000000e2400000,0x00000000e2400000,0x00000000e2900000)
 ParOldGen       total 42496K, used 4310K [0x00000000a0000000, 0x00000000a2980000, 0x00000000e0000000)
  object space 42496K, 10% used [0x00000000a0000000,0x00000000a04359c0,0x00000000a2980000)
 Metaspace       used 13879K, capacity 14204K, committed 14464K, reserved 1060864K
  class space    used 1934K, capacity 2060K, committed 2176K, reserved 1048576K
Event: 6.353 GC heap after
Heap after GC invocations=6 (full 0):
 PSYoungGen      total 36352K, used 4384K [0x00000000e0000000, 0x00000000e2a00000, 0x0000000100000000)
  eden space 31232K, 0% used [0x00000000e0000000,0x00000000e0000000,0x00000000e1e80000)
  from space 5120K, 85% used [0x00000000e2400000,0x00000000e2848378,0x00000000e2900000)
  to   space 5632K, 0% used [0x00000000e1e80000,0x00000000e1e80000,0x00000000e2400000)
 ParOldGen       total 42496K, used 4310K [0x00000000a0000000, 0x00000000a2980000, 0x00000000e0000000)
  object space 42496K, 10% used [0x00000000a0000000,0x00000000a04359c0,0x00000000a2980000)
 Metaspace       used 13879K, capacity 14204K, committed 14464K, reserved 1060864K
  class space    used 1934K, capacity 2060K, committed 2176K, reserved 1048576K
}
Event: 8.873 GC heap before
{Heap before GC invocations=7 (full 0):
 PSYoungGen      total 36352K, used 35616K [0x00000000e0000000, 0x00000000e2a00000, 0x0000000100000000)
  eden space 31232K, 100% used [0x00000000e0000000,0x00000000e1e80000,0x00000000e1e80000)
  from space 5120K, 85% used [0x00000000e2400000,0x00000000e2848378,0x00000000e2900000)
  to   space 5632K, 0% used [0x00000000e1e80000,0x00000000e1e80000,0x00000000e2400000)
 ParOldGen       total 42496K, used 4310K [0x00000000a0000000, 0x00000000a2980000, 0x00000000e0000000)
  object space 42496K, 10% used [0x00000000a0000000,0x00000000a04359c0,0x00000000a2980000)
 Metaspace       used 16902K, capacity 17236K, committed 17536K, reserved 1064960K
  class space    used 2444K, capacity 2576K, committed 2688K, reserved 1048576K
Event: 8.915 GC heap after
Heap after GC invocations=7 (full 0):
 PSYoungGen      total 36864K, used 5627K [0x00000000e0000000, 0x00000000e4a00000, 0x0000000100000000)
  eden space 31232K, 0% used [0x00000000e0000000,0x00000000e0000000,0x00000000e1e80000)
  from space 5632K, 99% used [0x00000000e1e80000,0x00000000e23fedf0,0x00000000e2400000)
  to   space 6656K, 0% used [0x00000000e4380000,0x00000000e4380000,0x00000000e4a00000)
 ParOldGen       total 42496K, used 5394K [0x00000000a0000000, 0x00000000a2980000, 0x00000000e0000000)
  object space 42496K, 12% used [0x00000000a0000000,0x00000000a05449c8,0x00000000a2980000)
 Metaspace       used 16902K, capacity 17236K, committed 17536K, reserved 1064960K
  class space    used 2444K, capacity 2576K, committed 2688K, reserved 1048576K
}

