# JRE version: OpenJDK Runtime Environment (8.0_152-b01) (build 1.8.0_152-release-1136-b01)
# Java VM: OpenJDK 64-Bit Server VM (25.152-b01 mixed mode windows-amd64 compressed oops)
Heap:
 PSYoungGen      total 321536K, used 160028K [0x00000000e0000000, 0x00000000f5400000, 0x0000000100000000)
  eden space 306176K, 52% used [0x00000000e0000000,0x00000000e9c47058,0x00000000f2b00000)
  from space 15360K, 0% used [0x00000000f4500000,0x00000000f4500000,0x00000000f5400000)
  to   space 20992K, 0% used [0x00000000f2b00000,0x00000000f2b00000,0x00000000f3f80000)
 ParOldGen       total 64512K, used 30104K [0x00000000a0000000, 0x00000000a3f00000, 0x00000000e0000000)
  object space 64512K, 46% used [0x00000000a0000000,0x00000000a1d662d8,0x00000000a3f00000)
 Metaspace       used 70713K, capacity 73016K, committed 73344K, reserved 1112064K
  class space    used 9452K, capacity 10003K, committed 10112K, reserved 1048576K
GC Heap History (10 events):
Event: 217.729 GC heap before
{Heap before GC invocations=9 (full 2):
 PSYoungGen      total 133632K, used 10728K [0x00000000e0000000, 0x00000000ee900000, 0x0000000100000000)
  eden space 122880K, 0% used [0x00000000e0000000,0x00000000e0000000,0x00000000e7800000)
  from space 10752K, 99% used [0x00000000e7800000,0x00000000e827a288,0x00000000e8280000)
  to   space 13312K, 0% used [0x00000000edc00000,0x00000000edc00000,0x00000000ee900000)
 ParOldGen       total 37376K, used 13422K [0x00000000a0000000, 0x00000000a2480000, 0x00000000e0000000)
  object space 37376K, 35% used [0x00000000a0000000,0x00000000a0d1bb48,0x00000000a2480000)
 Metaspace       used 34727K, capacity 35298K, committed 35416K, reserved 1079296K
  class space    used 4808K, capacity 5021K, committed 5120K, reserved 1048576K
Event: 217.930 GC heap after
Heap after GC invocations=9 (full 2):
 PSYoungGen      total 133632K, used 0K [0x00000000e0000000, 0x00000000ee900000, 0x0000000100000000)
  eden space 122880K, 0% used [0x00000000e0000000,0x00000000e0000000,0x00000000e7800000)
  from space 10752K, 0% used [0x00000000e7800000,0x00000000e7800000,0x00000000e8280000)
  to   space 13312K, 0% used [0x00000000edc00000,0x00000000edc00000,0x00000000ee900000)
 ParOldGen       total 46592K, used 19090K [0x00000000a0000000, 0x00000000a2d80000, 0x00000000e0000000)
  object space 46592K, 40% used [0x00000000a0000000,0x00000000a12a4a80,0x00000000a2d80000)
 Metaspace       used 34727K, capacity 35298K, committed 35416K, reserved 1079296K
  class space    used 4808K, capacity 5021K, committed 5120K, reserved 1048576K
}
Event: 258.529 GC heap before
{Heap before GC invocations=10 (full 2):
 PSYoungGen      total 133632K, used 122880K [0x00000000e0000000, 0x00000000ee900000, 0x0000000100000000)
  eden space 122880K, 100% used [0x00000000e0000000,0x00000000e7800000,0x00000000e7800000)
  from space 10752K, 0% used [0x00000000e7800000,0x00000000e7800000,0x00000000e8280000)
  to   space 13312K, 0% used [0x00000000edc00000,0x00000000edc00000,0x00000000ee900000)
 ParOldGen       total 46592K, used 19090K [0x00000000a0000000, 0x00000000a2d80000, 0x00000000e0000000)
  object space 46592K, 40% used [0x00000000a0000000,0x00000000a12a4a80,0x00000000a2d80000)
 Metaspace       used 42666K, capacity 43494K, committed 43520K, reserved 1087488K
  class space    used 5863K, capacity 6136K, committed 6144K, reserved 1048576K
Event: 258.583 GC heap after
Heap after GC invocations=10 (full 2):
 PSYoungGen      total 222720K, used 13294K [0x00000000e0000000, 0x00000000efc00000, 0x0000000100000000)
  eden space 209408K, 0% used [0x00000000e0000000,0x00000000e0000000,0x00000000ecc80000)
  from space 13312K, 99% used [0x00000000edc00000,0x00000000ee8fbb90,0x00000000ee900000)
  to   space 15872K, 0% used [0x00000000ecc80000,0x00000000ecc80000,0x00000000edc00000)
 ParOldGen       total 46592K, used 19341K [0x00000000a0000000, 0x00000000a2d80000, 0x00000000e0000000)
  object space 46592K, 41% used [0x00000000a0000000,0x00000000a12e3588,0x00000000a2d80000)
 Metaspace       used 42666K, capacity 43494K, committed 43520K, reserved 1087488K
  class space    used 5863K, capacity 6136K, committed 6144K, reserved 1048576K
}
Event: 322.205 GC heap before
{Heap before GC invocations=11 (full 2):
 PSYoungGen      total 222720K, used 222702K [0x00000000e0000000, 0x00000000efc00000, 0x0000000100000000)
  eden space 209408K, 100% used [0x00000000e0000000,0x00000000ecc80000,0x00000000ecc80000)
  from space 13312K, 99% used [0x00000000edc00000,0x00000000ee8fbb90,0x00000000ee900000)
  to   space 15872K, 0% used [0x00000000ecc80000,0x00000000ecc80000,0x00000000edc00000)
 ParOldGen       total 46592K, used 19341K [0x00000000a0000000, 0x00000000a2d80000, 0x00000000e0000000)
  object space 46592K, 41% used [0x00000000a0000000,0x00000000a12e3588,0x00000000a2d80000)
 Metaspace       used 56504K, capacity 58222K, committed 58368K, reserved 1099776K
  class space    used 7721K, capacity 8150K, committed 8192K, reserved 1048576K
Event: 322.344 GC heap after
Heap after GC invocations=11 (full 2):
 PSYoungGen      total 225280K, used 15840K [0x00000000e0000000, 0x00000000f5a80000, 0x0000000100000000)
  eden space 209408K, 0% used [0x00000000e0000000,0x00000000e0000000,0x00000000ecc80000)
  from space 15872K, 99% used [0x00000000ecc80000,0x00000000edbf8338,0x00000000edc00000)
  to   space 22016K, 0% used [0x00000000f4500000,0x00000000f4500000,0x00000000f5a80000)
 ParOldGen       total 46592K, used 28785K [0x00000000a0000000, 0x00000000a2d80000, 0x00000000e0000000)
  object space 46592K, 61% used [0x00000000a0000000,0x00000000a1c1c5c8,0x00000000a2d80000)
 Metaspace       used 56504K, capacity 58222K, committed 58368K, reserved 1099776K
  class space    used 7721K, capacity 8150K, committed 8192K, reserved 1048576K
}
Event: 349.289 GC heap before
{Heap before GC invocations=12 (full 2):
 PSYoungGen      total 225280K, used 33388K [0x00000000e0000000, 0x00000000f5a80000, 0x0000000100000000)
  eden space 209408K, 8% used [0x00000000e0000000,0x00000000e1122d68,0x00000000ecc80000)
  from space 15872K, 99% used [0x00000000ecc80000,0x00000000edbf8338,0x00000000edc00000)
  to   space 22016K, 0% used [0x00000000f4500000,0x00000000f4500000,0x00000000f5a80000)
 ParOldGen       total 46592K, used 28785K [0x00000000a0000000, 0x00000000a2d80000, 0x00000000e0000000)
  object space 46592K, 61% used [0x00000000a0000000,0x00000000a1c1c5c8,0x00000000a2d80000)
 Metaspace       used 57142K, capacity 58880K, committed 59008K, reserved 1099776K
  class space    used 7775K, capacity 8193K, committed 8320K, reserved 1048576K
Event: 349.386 GC heap after
Heap after GC invocations=12 (full 2):
 PSYoungGen      total 321536K, used 9275K [0x00000000e0000000, 0x00000000f5400000, 0x0000000100000000)
  eden space 306176K, 0% used [0x00000000e0000000,0x00000000e0000000,0x00000000f2b00000)
  from space 15360K, 60% used [0x00000000f4500000,0x00000000f4e0ef48,0x00000000f5400000)
  to   space 20992K, 0% used [0x00000000f2b00000,0x00000000f2b00000,0x00000000f3f80000)
 ParOldGen       total 46592K, used 35971K [0x00000000a0000000, 0x00000000a2d80000, 0x00000000e0000000)
  object space 46592K, 77% used [0x00000000a0000000,0x00000000a2320f70,0x00000000a2d80000)
 Metaspace       used 57142K, capacity 58880K, committed 59008K, reserved 1099776K
  class space    used 7775K, capacity 8193K, committed 8320K, reserved 1048576K
}
Event: 349.386 GC heap before
{Heap before GC invocations=13 (full 3):
 PSYoungGen      total 321536K, used 9275K [0x00000000e0000000, 0x00000000f5400000, 0x0000000100000000)
  eden space 306176K, 0% used [0x00000000e0000000,0x00000000e0000000,0x00000000f2b00000)
  from space 15360K, 60% used [0x00000000f4500000,0x00000000f4e0ef48,0x00000000f5400000)
  to   space 20992K, 0% used [0x00000000f2b00000,0x00000000f2b00000,0x00000000f3f80000)
 ParOldGen       total 46592K, used 35971K [0x00000000a0000000, 0x00000000a2d80000, 0x00000000e0000000)
  object space 46592K, 77% used [0x00000000a0000000,0x00000000a2320f70,0x00000000a2d80000)
 Metaspace       used 57142K, capacity 58880K, committed 59008K, reserved 1099776K
  class space    used 7775K, capacity 8193K, committed 8320K, reserved 1048576K
Event: 350.189 GC heap after
Heap after GC invocations=13 (full 3):
 PSYoungGen      total 321536K, used 0K [0x00000000e0000000, 0x00000000f5400000, 0x0000000100000000)
  eden space 306176K, 0% used [0x00000000e0000000,0x00000000e0000000,0x00000000f2b00000)
  from space 15360K, 0% used [0x00000000f4500000,0x00000000f4500000,0x00000000f5400000)
  to   space 20992K, 0% used [0x00000000f2b00000,0x00000000f2b00000,0x00000000f3f80000)
 ParOldGen       total 64512K, used 30104K [0x00000000a0000000, 0x00000000a3f00000, 0x00000000e0000000)
  object space 64512K, 46% used [0x00000000a0000000,0x00000000a1d662d8,0x00000000a3f00000)
 Metaspace       used 57142K, capacity 58880K, committed 59008K, reserved 1099776K
  class space    used 7775K, capacity 8193K, committed 8320K, reserved 1048576K
}

