# JRE version: OpenJDK Runtime Environment (8.0_152-b01) (build 1.8.0_152-release-1136-b01)
# Java VM: OpenJDK 64-Bit Server VM (25.152-b01 mixed mode windows-amd64 compressed oops)
Heap:
 PSYoungGen      total 161792K, used 24871K [0x00000000e0000000, 0x00000000ebf80000, 0x0000000100000000)
  eden space 150528K, 9% used [0x00000000e0000000,0x00000000e0d4f5a0,0x00000000e9300000)
  from space 11264K, 99% used [0x00000000ea080000,0x00000000eab7a9d8,0x00000000eab80000)
  to   space 13824K, 0% used [0x00000000e9300000,0x00000000e9300000,0x00000000ea080000)
 ParOldGen       total 50176K, used 21370K [0x00000000a0000000, 0x00000000a3100000, 0x00000000e0000000)
  object space 50176K, 42% used [0x00000000a0000000,0x00000000a14dea38,0x00000000a3100000)
 Metaspace       used 43718K, capacity 44620K, committed 44800K, reserved 1087488K
  class space    used 6044K, capacity 6345K, committed 6400K, reserved 1048576K
GC Heap History (10 events):
Event: 9.707 GC heap before
{Heap before GC invocations=8 (full 1):
 PSYoungGen      total 69632K, used 6445K [0x00000000e0000000, 0x00000000e8a00000, 0x0000000100000000)
  eden space 62464K, 0% used [0x00000000e0000000,0x00000000e0000000,0x00000000e3d00000)
  from space 7168K, 89% used [0x00000000e3d00000,0x00000000e434b428,0x00000000e4400000)
  to   space 8192K, 0% used [0x00000000e8200000,0x00000000e8200000,0x00000000e8a00000)
 ParOldGen       total 42496K, used 6984K [0x00000000a0000000, 0x00000000a2980000, 0x00000000e0000000)
  object space 42496K, 16% used [0x00000000a0000000,0x00000000a06d2058,0x00000000a2980000)
 Metaspace       used 20834K, capacity 21244K, committed 21248K, reserved 1067008K
  class space    used 2926K, capacity 3072K, committed 3072K, reserved 1048576K
Event: 9.776 GC heap after
Heap after GC invocations=8 (full 1):
 PSYoungGen      total 69632K, used 0K [0x00000000e0000000, 0x00000000e8a00000, 0x0000000100000000)
  eden space 62464K, 0% used [0x00000000e0000000,0x00000000e0000000,0x00000000e3d00000)
  from space 7168K, 0% used [0x00000000e3d00000,0x00000000e3d00000,0x00000000e4400000)
  to   space 8192K, 0% used [0x00000000e8200000,0x00000000e8200000,0x00000000e8a00000)
 ParOldGen       total 31744K, used 8684K [0x00000000a0000000, 0x00000000a1f00000, 0x00000000e0000000)
  object space 31744K, 27% used [0x00000000a0000000,0x00000000a087b340,0x00000000a1f00000)
 Metaspace       used 20834K, capacity 21244K, committed 21248K, reserved 1067008K
  class space    used 2926K, capacity 3072K, committed 3072K, reserved 1048576K
}
Event: 14.727 GC heap before
{Heap before GC invocations=9 (full 1):
 PSYoungGen      total 69632K, used 62464K [0x00000000e0000000, 0x00000000e8a00000, 0x0000000100000000)
  eden space 62464K, 100% used [0x00000000e0000000,0x00000000e3d00000,0x00000000e3d00000)
  from space 7168K, 0% used [0x00000000e3d00000,0x00000000e3d00000,0x00000000e4400000)
  to   space 8192K, 0% used [0x00000000e8200000,0x00000000e8200000,0x00000000e8a00000)
 ParOldGen       total 31744K, used 8684K [0x00000000a0000000, 0x00000000a1f00000, 0x00000000e0000000)
  object space 31744K, 27% used [0x00000000a0000000,0x00000000a087b340,0x00000000a1f00000)
 Metaspace       used 26552K, capacity 26966K, committed 27136K, reserved 1073152K
  class space    used 3645K, capacity 3797K, committed 3840K, reserved 1048576K
Event: 14.770 GC heap after
Heap after GC invocations=9 (full 1):
 PSYoungGen      total 115712K, used 6775K [0x00000000e0000000, 0x00000000e8900000, 0x0000000100000000)
  eden space 108544K, 0% used [0x00000000e0000000,0x00000000e0000000,0x00000000e6a00000)
  from space 7168K, 94% used [0x00000000e8200000,0x00000000e889ded8,0x00000000e8900000)
  to   space 8704K, 0% used [0x00000000e7800000,0x00000000e7800000,0x00000000e8080000)
 ParOldGen       total 31744K, used 8692K [0x00000000a0000000, 0x00000000a1f00000, 0x00000000e0000000)
  object space 31744K, 27% used [0x00000000a0000000,0x00000000a087d340,0x00000000a1f00000)
 Metaspace       used 26552K, capacity 26966K, committed 27136K, reserved 1073152K
  class space    used 3645K, capacity 3797K, committed 3840K, reserved 1048576K
}
Event: 29.893 GC heap before
{Heap before GC invocations=10 (full 1):
 PSYoungGen      total 115712K, used 102389K [0x00000000e0000000, 0x00000000e8900000, 0x0000000100000000)
  eden space 108544K, 88% used [0x00000000e0000000,0x00000000e5d5f6f0,0x00000000e6a00000)
  from space 7168K, 94% used [0x00000000e8200000,0x00000000e889ded8,0x00000000e8900000)
  to   space 8704K, 0% used [0x00000000e7800000,0x00000000e7800000,0x00000000e8080000)
 ParOldGen       total 31744K, used 8692K [0x00000000a0000000, 0x00000000a1f00000, 0x00000000e0000000)
  object space 31744K, 27% used [0x00000000a0000000,0x00000000a087d340,0x00000000a1f00000)
 Metaspace       used 34721K, capacity 35298K, committed 35416K, reserved 1079296K
  class space    used 4814K, capacity 5021K, committed 5120K, reserved 1048576K
Event: 29.917 GC heap after
Heap after GC invocations=10 (full 1):
 PSYoungGen      total 131584K, used 8703K [0x00000000e0000000, 0x00000000eab80000, 0x0000000100000000)
  eden space 122880K, 0% used [0x00000000e0000000,0x00000000e0000000,0x00000000e7800000)
  from space 8704K, 99% used [0x00000000e7800000,0x00000000e807fd68,0x00000000e8080000)
  to   space 11264K, 0% used [0x00000000ea080000,0x00000000ea080000,0x00000000eab80000)
 ParOldGen       total 31744K, used 12789K [0x00000000a0000000, 0x00000000a1f00000, 0x00000000e0000000)
  object space 31744K, 40% used [0x00000000a0000000,0x00000000a0c7d578,0x00000000a1f00000)
 Metaspace       used 34721K, capacity 35298K, committed 35416K, reserved 1079296K
  class space    used 4814K, capacity 5021K, committed 5120K, reserved 1048576K
}
Event: 29.917 GC heap before
{Heap before GC invocations=11 (full 2):
 PSYoungGen      total 131584K, used 8703K [0x00000000e0000000, 0x00000000eab80000, 0x0000000100000000)
  eden space 122880K, 0% used [0x00000000e0000000,0x00000000e0000000,0x00000000e7800000)
  from space 8704K, 99% used [0x00000000e7800000,0x00000000e807fd68,0x00000000e8080000)
  to   space 11264K, 0% used [0x00000000ea080000,0x00000000ea080000,0x00000000eab80000)
 ParOldGen       total 31744K, used 12789K [0x00000000a0000000, 0x00000000a1f00000, 0x00000000e0000000)
  object space 31744K, 40% used [0x00000000a0000000,0x00000000a0c7d578,0x00000000a1f00000)
 Metaspace       used 34721K, capacity 35298K, committed 35416K, reserved 1079296K
  class space    used 4814K, capacity 5021K, committed 5120K, reserved 1048576K
Event: 30.058 GC heap after
Heap after GC invocations=11 (full 2):
 PSYoungGen      total 131584K, used 0K [0x00000000e0000000, 0x00000000eab80000, 0x0000000100000000)
  eden space 122880K, 0% used [0x00000000e0000000,0x00000000e0000000,0x00000000e7800000)
  from space 8704K, 0% used [0x00000000e7800000,0x00000000e7800000,0x00000000e8080000)
  to   space 11264K, 0% used [0x00000000ea080000,0x00000000ea080000,0x00000000eab80000)
 ParOldGen       total 50176K, used 19114K [0x00000000a0000000, 0x00000000a3100000, 0x00000000e0000000)
  object space 50176K, 38% used [0x00000000a0000000,0x00000000a12aa940,0x00000000a3100000)
 Metaspace       used 34721K, capacity 35298K, committed 35416K, reserved 1079296K
  class space    used 4814K, capacity 5021K, committed 5120K, reserved 1048576K
}
Event: 70.569 GC heap before
{Heap before GC invocations=12 (full 2):
 PSYoungGen      total 131584K, used 122880K [0x00000000e0000000, 0x00000000eab80000, 0x0000000100000000)
  eden space 122880K, 100% used [0x00000000e0000000,0x00000000e7800000,0x00000000e7800000)
  from space 8704K, 0% used [0x00000000e7800000,0x00000000e7800000,0x00000000e8080000)
  to   space 11264K, 0% used [0x00000000ea080000,0x00000000ea080000,0x00000000eab80000)
 ParOldGen       total 50176K, used 19114K [0x00000000a0000000, 0x00000000a3100000, 0x00000000e0000000)
  object space 50176K, 38% used [0x00000000a0000000,0x00000000a12aa940,0x00000000a3100000)
 Metaspace       used 42652K, capacity 43520K, committed 43648K, reserved 1087488K
  class space    used 5870K, capacity 6167K, committed 6272K, reserved 1048576K
Event: 70.595 GC heap after
Heap after GC invocations=12 (full 2):
 PSYoungGen      total 161792K, used 11242K [0x00000000e0000000, 0x00000000ebf80000, 0x0000000100000000)
  eden space 150528K, 0% used [0x00000000e0000000,0x00000000e0000000,0x00000000e9300000)
  from space 11264K, 99% used [0x00000000ea080000,0x00000000eab7a9d8,0x00000000eab80000)
  to   space 13824K, 0% used [0x00000000e9300000,0x00000000e9300000,0x00000000ea080000)
 ParOldGen       total 50176K, used 21370K [0x00000000a0000000, 0x00000000a3100000, 0x00000000e0000000)
  object space 50176K, 42% used [0x00000000a0000000,0x00000000a14dea38,0x00000000a3100000)
 Metaspace       used 42652K, capacity 43520K, committed 43648K, reserved 1087488K
  class space    used 5870K, capacity 6167K, committed 6272K, reserved 1048576K
}

