# JRE version: OpenJDK Runtime Environment (8.0_152-b01) (build 1.8.0_152-release-1136-b01)
# Java VM: OpenJDK 64-Bit Server VM (25.152-b01 mixed mode windows-amd64 compressed oops)
Heap:
 PSYoungGen      total 194560K, used 13734K [0x00000000e0000000, 0x00000000f1580000, 0x0000000100000000)
  eden space 181248K, 7% used [0x00000000e0000000,0x00000000e0d69b28,0x00000000eb100000)
  from space 13312K, 0% used [0x00000000ec780000,0x00000000ec780000,0x00000000ed480000)
  to   space 23040K, 0% used [0x00000000eb100000,0x00000000eb100000,0x00000000ec780000)
 ParOldGen       total 54272K, used 38756K [0x00000000a0000000, 0x00000000a3500000, 0x00000000e0000000)
  object space 54272K, 71% used [0x00000000a0000000,0x00000000a25d9090,0x00000000a3500000)
 Metaspace       used 57380K, capacity 59176K, committed 59520K, reserved 1099776K
  class space    used 7804K, capacity 8227K, committed 8320K, reserved 1048576K
GC Heap History (10 events):
Event: 33.412 GC heap before
{Heap before GC invocations=9 (full 2):
 PSYoungGen      total 133632K, used 10743K [0x00000000e0000000, 0x00000000ed480000, 0x0000000100000000)
  eden space 122880K, 0% used [0x00000000e0000000,0x00000000e0000000,0x00000000e7800000)
  from space 10752K, 99% used [0x00000000e7800000,0x00000000e827df00,0x00000000e8280000)
  to   space 13312K, 0% used [0x00000000ec780000,0x00000000ec780000,0x00000000ed480000)
 ParOldGen       total 38912K, used 13311K [0x00000000a0000000, 0x00000000a2600000, 0x00000000e0000000)
  object space 38912K, 34% used [0x00000000a0000000,0x00000000a0cffef8,0x00000000a2600000)
 Metaspace       used 34723K, capacity 35298K, committed 35416K, reserved 1079296K
  class space    used 4814K, capacity 5021K, committed 5120K, reserved 1048576K
Event: 33.819 GC heap after
Heap after GC invocations=9 (full 2):
 PSYoungGen      total 133632K, used 0K [0x00000000e0000000, 0x00000000ed480000, 0x0000000100000000)
  eden space 122880K, 0% used [0x00000000e0000000,0x00000000e0000000,0x00000000e7800000)
  from space 10752K, 0% used [0x00000000e7800000,0x00000000e7800000,0x00000000e8280000)
  to   space 13312K, 0% used [0x00000000ec780000,0x00000000ec780000,0x00000000ed480000)
 ParOldGen       total 54272K, used 19060K [0x00000000a0000000, 0x00000000a3500000, 0x00000000e0000000)
  object space 54272K, 35% used [0x00000000a0000000,0x00000000a129d3f0,0x00000000a3500000)
 Metaspace       used 34723K, capacity 35298K, committed 35416K, reserved 1079296K
  class space    used 4814K, capacity 5021K, committed 5120K, reserved 1048576K
}
Event: 50.353 GC heap before
{Heap before GC invocations=10 (full 2):
 PSYoungGen      total 133632K, used 122880K [0x00000000e0000000, 0x00000000ed480000, 0x0000000100000000)
  eden space 122880K, 100% used [0x00000000e0000000,0x00000000e7800000,0x00000000e7800000)
  from space 10752K, 0% used [0x00000000e7800000,0x00000000e7800000,0x00000000e8280000)
  to   space 13312K, 0% used [0x00000000ec780000,0x00000000ec780000,0x00000000ed480000)
 ParOldGen       total 54272K, used 19060K [0x00000000a0000000, 0x00000000a3500000, 0x00000000e0000000)
  object space 54272K, 35% used [0x00000000a0000000,0x00000000a129d3f0,0x00000000a3500000)
 Metaspace       used 42603K, capacity 43520K, committed 43648K, reserved 1087488K
  class space    used 5864K, capacity 6167K, committed 6272K, reserved 1048576K
Event: 50.479 GC heap after
Heap after GC invocations=10 (full 2):
 PSYoungGen      total 199680K, used 13284K [0x00000000e0000000, 0x00000000ed500000, 0x0000000100000000)
  eden space 186368K, 0% used [0x00000000e0000000,0x00000000e0000000,0x00000000eb600000)
  from space 13312K, 99% used [0x00000000ec780000,0x00000000ed4790d0,0x00000000ed480000)
  to   space 15872K, 0% used [0x00000000eb600000,0x00000000eb600000,0x00000000ec580000)
 ParOldGen       total 54272K, used 19330K [0x00000000a0000000, 0x00000000a3500000, 0x00000000e0000000)
  object space 54272K, 35% used [0x00000000a0000000,0x00000000a12e0a28,0x00000000a3500000)
 Metaspace       used 42603K, capacity 43520K, committed 43648K, reserved 1087488K
  class space    used 5864K, capacity 6167K, committed 6272K, reserved 1048576K
}
Event: 105.386 GC heap before
{Heap before GC invocations=11 (full 2):
 PSYoungGen      total 199680K, used 199652K [0x00000000e0000000, 0x00000000ed500000, 0x0000000100000000)
  eden space 186368K, 100% used [0x00000000e0000000,0x00000000eb600000,0x00000000eb600000)
  from space 13312K, 99% used [0x00000000ec780000,0x00000000ed4790d0,0x00000000ed480000)
  to   space 15872K, 0% used [0x00000000eb600000,0x00000000eb600000,0x00000000ec580000)
 ParOldGen       total 54272K, used 19330K [0x00000000a0000000, 0x00000000a3500000, 0x00000000e0000000)
  object space 54272K, 35% used [0x00000000a0000000,0x00000000a12e0a28,0x00000000a3500000)
 Metaspace       used 55725K, capacity 57346K, committed 57472K, reserved 1099776K
  class space    used 7636K, capacity 8040K, committed 8064K, reserved 1048576K
Event: 105.906 GC heap after
Heap after GC invocations=11 (full 2):
 PSYoungGen      total 202240K, used 15848K [0x00000000e0000000, 0x00000000ed500000, 0x0000000100000000)
  eden space 186368K, 0% used [0x00000000e0000000,0x00000000e0000000,0x00000000eb600000)
  from space 15872K, 99% used [0x00000000eb600000,0x00000000ec57a2e8,0x00000000ec580000)
  to   space 13312K, 0% used [0x00000000ec780000,0x00000000ec780000,0x00000000ed480000)
 ParOldGen       total 54272K, used 31841K [0x00000000a0000000, 0x00000000a3500000, 0x00000000e0000000)
  object space 54272K, 58% used [0x00000000a0000000,0x00000000a1f18670,0x00000000a3500000)
 Metaspace       used 55725K, capacity 57346K, committed 57472K, reserved 1099776K
  class space    used 7636K, capacity 8040K, committed 8064K, reserved 1048576K
}
Event: 117.200 GC heap before
{Heap before GC invocations=12 (full 2):
 PSYoungGen      total 202240K, used 57167K [0x00000000e0000000, 0x00000000ed500000, 0x0000000100000000)
  eden space 186368K, 22% used [0x00000000e0000000,0x00000000e2859b80,0x00000000eb600000)
  from space 15872K, 99% used [0x00000000eb600000,0x00000000ec57a2e8,0x00000000ec580000)
  to   space 13312K, 0% used [0x00000000ec780000,0x00000000ec780000,0x00000000ed480000)
 ParOldGen       total 54272K, used 31841K [0x00000000a0000000, 0x00000000a3500000, 0x00000000e0000000)
  object space 54272K, 58% used [0x00000000a0000000,0x00000000a1f18670,0x00000000a3500000)
 Metaspace       used 57234K, capacity 58912K, committed 59008K, reserved 1099776K
  class space    used 7789K, capacity 8225K, committed 8320K, reserved 1048576K
Event: 117.332 GC heap after
Heap after GC invocations=12 (full 2):
 PSYoungGen      total 194560K, used 12590K [0x00000000e0000000, 0x00000000f1580000, 0x0000000100000000)
  eden space 181248K, 0% used [0x00000000e0000000,0x00000000e0000000,0x00000000eb100000)
  from space 13312K, 94% used [0x00000000ec780000,0x00000000ed3cb908,0x00000000ed480000)
  to   space 23040K, 0% used [0x00000000eb100000,0x00000000eb100000,0x00000000ec780000)
 ParOldGen       total 54272K, used 38020K [0x00000000a0000000, 0x00000000a3500000, 0x00000000e0000000)
  object space 54272K, 70% used [0x00000000a0000000,0x00000000a2521018,0x00000000a3500000)
 Metaspace       used 57234K, capacity 58912K, committed 59008K, reserved 1099776K
  class space    used 7789K, capacity 8225K, committed 8320K, reserved 1048576K
}
Event: 117.332 GC heap before
{Heap before GC invocations=13 (full 3):
 PSYoungGen      total 194560K, used 12590K [0x00000000e0000000, 0x00000000f1580000, 0x0000000100000000)
  eden space 181248K, 0% used [0x00000000e0000000,0x00000000e0000000,0x00000000eb100000)
  from space 13312K, 94% used [0x00000000ec780000,0x00000000ed3cb908,0x00000000ed480000)
  to   space 23040K, 0% used [0x00000000eb100000,0x00000000eb100000,0x00000000ec780000)
 ParOldGen       total 54272K, used 38020K [0x00000000a0000000, 0x00000000a3500000, 0x00000000e0000000)
  object space 54272K, 70% used [0x00000000a0000000,0x00000000a2521018,0x00000000a3500000)
 Metaspace       used 57234K, capacity 58912K, committed 59008K, reserved 1099776K
  class space    used 7789K, capacity 8225K, committed 8320K, reserved 1048576K
Event: 121.248 GC heap after
Heap after GC invocations=13 (full 3):
 PSYoungGen      total 194560K, used 0K [0x00000000e0000000, 0x00000000f1580000, 0x0000000100000000)
  eden space 181248K, 0% used [0x00000000e0000000,0x00000000e0000000,0x00000000eb100000)
  from space 13312K, 0% used [0x00000000ec780000,0x00000000ec780000,0x00000000ed480000)
  to   space 23040K, 0% used [0x00000000eb100000,0x00000000eb100000,0x00000000ec780000)
 ParOldGen       total 54272K, used 38756K [0x00000000a0000000, 0x00000000a3500000, 0x00000000e0000000)
  object space 54272K, 71% used [0x00000000a0000000,0x00000000a25d9090,0x00000000a3500000)
 Metaspace       used 57234K, capacity 58912K, committed 59008K, reserved 1099776K
  class space    used 7789K, capacity 8225K, committed 8320K, reserved 1048576K
}

