# JRE version: OpenJDK Runtime Environment (8.0_152-b01) (build 1.8.0_152-release-1136-b01)
# Java VM: OpenJDK 64-Bit Server VM (25.152-b01 mixed mode windows-amd64 compressed oops)
Heap:
 PSYoungGen      total 274944K, used 131749K [0x00000000e0000000, 0x00000000f6400000, 0x0000000100000000)
  eden space 254976K, 47% used [0x00000000e0000000,0x00000000e765f568,0x00000000ef900000)
  from space 19968K, 52% used [0x00000000ef900000,0x00000000f034a060,0x00000000f0c80000)
  to   space 19456K, 0% used [0x00000000f5100000,0x00000000f5100000,0x00000000f6400000)
 ParOldGen       total 74240K, used 36988K [0x00000000a0000000, 0x00000000a4880000, 0x00000000e0000000)
  object space 74240K, 49% used [0x00000000a0000000,0x00000000a241f3a0,0x00000000a4880000)
 Metaspace       used 64368K, capacity 66942K, committed 66968K, reserved 1107968K
  class space    used 8472K, capacity 9122K, committed 9128K, reserved 1048576K
GC Heap History (10 events):
Event: 36.956 GC heap before
{Heap before GC invocations=12 (full 2):
 PSYoungGen      total 193536K, used 5449K [0x00000000e0000000, 0x00000000ecc00000, 0x0000000100000000)
  eden space 183296K, 0% used [0x00000000e0000000,0x00000000e0000000,0x00000000eb300000)
  from space 10240K, 53% used [0x00000000ebc80000,0x00000000ec1d2768,0x00000000ec680000)
  to   space 9728K, 0% used [0x00000000eb300000,0x00000000eb300000,0x00000000ebc80000)
 ParOldGen       total 31744K, used 15908K [0x00000000a0000000, 0x00000000a1f00000, 0x00000000e0000000)
  object space 31744K, 50% used [0x00000000a0000000,0x00000000a0f89278,0x00000000a1f00000)
 Metaspace       used 34747K, capacity 35314K, committed 35496K, reserved 1079296K
  class space    used 4736K, capacity 4919K, committed 5032K, reserved 1048576K
Event: 37.188 GC heap after
Heap after GC invocations=12 (full 2):
 PSYoungGen      total 193536K, used 0K [0x00000000e0000000, 0x00000000ecc00000, 0x0000000100000000)
  eden space 183296K, 0% used [0x00000000e0000000,0x00000000e0000000,0x00000000eb300000)
  from space 10240K, 0% used [0x00000000ebc80000,0x00000000ebc80000,0x00000000ec680000)
  to   space 9728K, 0% used [0x00000000eb300000,0x00000000eb300000,0x00000000ebc80000)
 ParOldGen       total 41984K, used 15928K [0x00000000a0000000, 0x00000000a2900000, 0x00000000e0000000)
  object space 41984K, 37% used [0x00000000a0000000,0x00000000a0f8e090,0x00000000a2900000)
 Metaspace       used 34747K, capacity 35314K, committed 35496K, reserved 1079296K
  class space    used 4736K, capacity 4919K, committed 5032K, reserved 1048576K
}
Event: 41.293 GC heap before
{Heap before GC invocations=13 (full 2):
 PSYoungGen      total 193536K, used 183296K [0x00000000e0000000, 0x00000000ecc00000, 0x0000000100000000)
  eden space 183296K, 100% used [0x00000000e0000000,0x00000000eb300000,0x00000000eb300000)
  from space 10240K, 0% used [0x00000000ebc80000,0x00000000ebc80000,0x00000000ec680000)
  to   space 9728K, 0% used [0x00000000eb300000,0x00000000eb300000,0x00000000ebc80000)
 ParOldGen       total 41984K, used 15928K [0x00000000a0000000, 0x00000000a2900000, 0x00000000e0000000)
  object space 41984K, 37% used [0x00000000a0000000,0x00000000a0f8e090,0x00000000a2900000)
 Metaspace       used 47676K, capacity 48666K, committed 48808K, reserved 1091584K
  class space    used 6400K, capacity 6720K, committed 6824K, reserved 1048576K
Event: 41.323 GC heap after
Heap after GC invocations=13 (full 2):
 PSYoungGen      total 193024K, used 9696K [0x00000000e0000000, 0x00000000f1a80000, 0x0000000100000000)
  eden space 183296K, 0% used [0x00000000e0000000,0x00000000e0000000,0x00000000eb300000)
  from space 9728K, 99% used [0x00000000eb300000,0x00000000ebc782f8,0x00000000ebc80000)
  to   space 14336K, 0% used [0x00000000f0c80000,0x00000000f0c80000,0x00000000f1a80000)
 ParOldGen       total 41984K, used 24372K [0x00000000a0000000, 0x00000000a2900000, 0x00000000e0000000)
  object space 41984K, 58% used [0x00000000a0000000,0x00000000a17cd108,0x00000000a2900000)
 Metaspace       used 47676K, capacity 48666K, committed 48808K, reserved 1091584K
  class space    used 6400K, capacity 6720K, committed 6824K, reserved 1048576K
}
Event: 47.961 GC heap before
{Heap before GC invocations=14 (full 2):
 PSYoungGen      total 193024K, used 175570K [0x00000000e0000000, 0x00000000f1a80000, 0x0000000100000000)
  eden space 183296K, 90% used [0x00000000e0000000,0x00000000ea1fc760,0x00000000eb300000)
  from space 9728K, 99% used [0x00000000eb300000,0x00000000ebc782f8,0x00000000ebc80000)
  to   space 14336K, 0% used [0x00000000f0c80000,0x00000000f0c80000,0x00000000f1a80000)
 ParOldGen       total 41984K, used 24372K [0x00000000a0000000, 0x00000000a2900000, 0x00000000e0000000)
  object space 41984K, 58% used [0x00000000a0000000,0x00000000a17cd108,0x00000000a2900000)
 Metaspace       used 57214K, capacity 59034K, committed 59160K, reserved 1099776K
  class space    used 7722K, capacity 8158K, committed 8232K, reserved 1048576K
Event: 48.144 GC heap after
Heap after GC invocations=14 (full 2):
 PSYoungGen      total 269312K, used 14330K [0x00000000e0000000, 0x00000000f2680000, 0x0000000100000000)
  eden space 254976K, 0% used [0x00000000e0000000,0x00000000e0000000,0x00000000ef900000)
  from space 14336K, 99% used [0x00000000f0c80000,0x00000000f1a7ea00,0x00000000f1a80000)
  to   space 19968K, 0% used [0x00000000ef900000,0x00000000ef900000,0x00000000f0c80000)
 ParOldGen       total 41984K, used 33926K [0x00000000a0000000, 0x00000000a2900000, 0x00000000e0000000)
  object space 41984K, 80% used [0x00000000a0000000,0x00000000a2121a40,0x00000000a2900000)
 Metaspace       used 57214K, capacity 59034K, committed 59160K, reserved 1099776K
  class space    used 7722K, capacity 8158K, committed 8232K, reserved 1048576K
}
Event: 48.144 GC heap before
{Heap before GC invocations=15 (full 3):
 PSYoungGen      total 269312K, used 14330K [0x00000000e0000000, 0x00000000f2680000, 0x0000000100000000)
  eden space 254976K, 0% used [0x00000000e0000000,0x00000000e0000000,0x00000000ef900000)
  from space 14336K, 99% used [0x00000000f0c80000,0x00000000f1a7ea00,0x00000000f1a80000)
  to   space 19968K, 0% used [0x00000000ef900000,0x00000000ef900000,0x00000000f0c80000)
 ParOldGen       total 41984K, used 33926K [0x00000000a0000000, 0x00000000a2900000, 0x00000000e0000000)
  object space 41984K, 80% used [0x00000000a0000000,0x00000000a2121a40,0x00000000a2900000)
 Metaspace       used 57214K, capacity 59034K, committed 59160K, reserved 1099776K
  class space    used 7722K, capacity 8158K, committed 8232K, reserved 1048576K
Event: 48.631 GC heap after
Heap after GC invocations=15 (full 3):
 PSYoungGen      total 269312K, used 0K [0x00000000e0000000, 0x00000000f2680000, 0x0000000100000000)
  eden space 254976K, 0% used [0x00000000e0000000,0x00000000e0000000,0x00000000ef900000)
  from space 14336K, 0% used [0x00000000f0c80000,0x00000000f0c80000,0x00000000f1a80000)
  to   space 19968K, 0% used [0x00000000ef900000,0x00000000ef900000,0x00000000f0c80000)
 ParOldGen       total 74240K, used 36980K [0x00000000a0000000, 0x00000000a4880000, 0x00000000e0000000)
  object space 74240K, 49% used [0x00000000a0000000,0x00000000a241d3a0,0x00000000a4880000)
 Metaspace       used 57214K, capacity 59034K, committed 59160K, reserved 1099776K
  class space    used 7722K, capacity 8158K, committed 8232K, reserved 1048576K
}
Event: 3529.834 GC heap before
{Heap before GC invocations=16 (full 3):
 PSYoungGen      total 269312K, used 254976K [0x00000000e0000000, 0x00000000f2680000, 0x0000000100000000)
  eden space 254976K, 100% used [0x00000000e0000000,0x00000000ef900000,0x00000000ef900000)
  from space 14336K, 0% used [0x00000000f0c80000,0x00000000f0c80000,0x00000000f1a80000)
  to   space 19968K, 0% used [0x00000000ef900000,0x00000000ef900000,0x00000000f0c80000)
 ParOldGen       total 74240K, used 36980K [0x00000000a0000000, 0x00000000a4880000, 0x00000000e0000000)
  object space 74240K, 49% used [0x00000000a0000000,0x00000000a241d3a0,0x00000000a4880000)
 Metaspace       used 63766K, capacity 66196K, committed 66456K, reserved 1105920K
  class space    used 8429K, capacity 9023K, committed 9128K, reserved 1048576K
Event: 3533.351 GC heap after
Heap after GC invocations=16 (full 3):
 PSYoungGen      total 274944K, used 10536K [0x00000000e0000000, 0x00000000f6400000, 0x0000000100000000)
  eden space 254976K, 0% used [0x00000000e0000000,0x00000000e0000000,0x00000000ef900000)
  from space 19968K, 52% used [0x00000000ef900000,0x00000000f034a060,0x00000000f0c80000)
  to   space 19456K, 0% used [0x00000000f5100000,0x00000000f5100000,0x00000000f6400000)
 ParOldGen       total 74240K, used 36988K [0x00000000a0000000, 0x00000000a4880000, 0x00000000e0000000)
  object space 74240K, 49% used [0x00000000a0000000,0x00000000a241f3a0,0x00000000a4880000)
 Metaspace       used 63766K, capacity 66196K, committed 66456K, reserved 1105920K
  class space    used 8429K, capacity 9023K, committed 9128K, reserved 1048576K
}

